<?xml version="1.0" encoding="utf-8"?><testsuites name="pytest tests"><testsuite name="pytest" errors="0" failures="3" skipped="0" tests="1088" time="151.717" timestamp="2026-09-24T05:19:37.882868+08:00" hostname="DESKTOP-Q8P21MC"><testcase classname="gfootball.frame_sync.audio_test.TestAudioManager" name="test_get_playing_tracks" time="0.001" /><testcase classname="gfootball.frame_sync.audio_test.TestAudioManager" name="test_load_track" time="0.000" /><testcase classname="gfootball.frame_sync.audio_test.TestAudioManager" name="test_play_music" time="0.000" /><testcase classname="gfootball.frame_sync.audio_test.TestAudioManager" name="test_play_sfx" time="0.000" /><testcase classname="gfootball.frame_sync.audio_test.TestAudioManager" name="test_stop_music" time="0.000" /><testcase classname="gfootball.frame_sync.audio_test.TestAudioManager" name="test_volume_control" time="0.000" /><testcase classname="gfootball.frame_sync.audio_test.TestVolumeSettings" name="test_clamp_volume" time="0.000" /><testcase classname="gfootball.frame_sync.audio_test.TestVolumeSettings" name="test_default_volumes" time="0.000" /><testcase classname="gfootball.frame_sync.audio_test.TestVolumeSettings" name="test_set_volume" time="0.000" /><testcase classname="gfootball.frame_sync.audio_test.TestCommentarySystem" name="test_database_stats" time="0.000" /><testcase classname="gfootball.frame_sync.audio_test.TestCommentarySystem" name="test_disabled_commentary" time="0.000" /><testcase classname="gfootball.frame_sync.audio_test.TestCommentarySystem" name="test_history" time="0.000" /><testcase classname="gfootball.frame_sync.audio_test.TestCommentarySystem" name="test_trigger_goal" time="0.001" /><testcase classname="gfootball.frame_sync.audio_test.TestCommentarySystem" name="test_trigger_miss" time="0.000" /><testcase classname="gfootball.frame_sync.congestion_metrics_test.TestCongestionMonitor" name="test_default_state" time="0.000" /><testcase classname="gfootball.frame_sync.congestion_metrics_test.TestCongestionMonitor" name="test_update_rtt" time="0.000" /><testcase classname="gfootball.frame_sync.congestion_metrics_test.TestCongestionMonitor" name="test_max_rtt" time="0.000" /><testcase classname="gfootball.frame_sync.congestion_metrics_test.TestCongestionMonitor" name="test_p95_rtt" time="0.000" /><testcase classname="gfootball.frame_sync.congestion_metrics_test.TestCongestionMonitor" name="test_update_loss" time="0.000" /><testcase classname="gfootball.frame_sync.congestion_metrics_test.TestCongestionMonitor" name="test_update_queue_depth" time="0.000" /><testcase classname="gfootball.frame_sync.congestion_metrics_test.TestCongestionMonitor" name="test_low_congestion_high_fps" time="0.000" /><testcase classname="gfootball.frame_sync.congestion_metrics_test.TestCongestionMonitor" name="test_high_congestion_low_fps" time="0.000" /><testcase classname="gfootball.frame_sync.congestion_metrics_test.TestCongestionMonitor" name="test_adaptive_timeout" time="0.000" /><testcase classname="gfootball.frame_sync.congestion_metrics_test.TestCongestionMonitor" name="test_adaptive_predict_cap" time="0.000" /><testcase classname="gfootball.frame_sync.congestion_metrics_test.TestCongestionMonitor" name="test_jitter" time="0.000" /><testcase classname="gfootball.frame_sync.congestion_metrics_test.TestCongestionMonitor" name="test_get_stats" time="0.000" /><testcase classname="gfootball.frame_sync.congestion_metrics_test.TestCongestionMonitor" name="test_reset" time="0.000" /><testcase classname="gfootball.frame_sync.congestion_metrics_test.TestMetricsCollector" name="test_record_rtt" time="0.000" /><testcase classname="gfootball.frame_sync.congestion_metrics_test.TestMetricsCollector" name="test_record_packet_loss" time="0.000" /><testcase classname="gfootball.frame_sync.congestion_metrics_test.TestMetricsCollector" name="test_record_packet_sent" time="0.000" /><testcase classname="gfootball.frame_sync.congestion_metrics_test.TestMetricsCollector" name="test_record_packet_received" time="0.000" /><testcase classname="gfootball.frame_sync.congestion_metrics_test.TestMetricsCollector" name="test_record_rollback" time="0.000" /><testcase classname="gfootball.frame_sync.congestion_metrics_test.TestMetricsCollector" name="test_record_queue_depth" time="0.000" /><testcase classname="gfootball.frame_sync.congestion_metrics_test.TestMetricsCollector" name="test_record_state_hash_mismatch" time="0.000" /><testcase classname="gfootball.frame_sync.congestion_metrics_test.TestMetricsCollector" name="test_record_jitter" time="0.000" /><testcase classname="gfootball.frame_sync.congestion_metrics_test.TestMetricsCollector" name="test_record_disconnect_reconnect" time="0.000" /><testcase classname="gfootball.frame_sync.congestion_metrics_test.TestMetricsCollector" name="test_export_json" time="0.000" /><testcase classname="gfootball.frame_sync.congestion_metrics_test.TestMetricsCollector" name="test_export_prometheus" time="0.000" /><testcase classname="gfootball.frame_sync.congestion_metrics_test.TestMetricsCollector" name="test_get_all_metrics" time="0.000" /><testcase classname="gfootball.frame_sync.congestion_metrics_test.TestMetricsCollector" name="test_reset" time="0.002" /><testcase classname="gfootball.frame_sync.congestion_metrics_test.TestMetricsCollector" name="test_thread_safety" time="0.002" /><testcase classname="gfootball.frame_sync.content_test.TestContentManager" name="test_content_summary" time="0.000" /><testcase classname="gfootball.frame_sync.content_test.TestContentManager" name="test_filter_teams_by_country" time="0.000" /><testcase classname="gfootball.frame_sync.content_test.TestContentManager" name="test_get_league" time="0.000" /><testcase classname="gfootball.frame_sync.content_test.TestContentManager" name="test_get_stadium" time="0.000" /><testcase classname="gfootball.frame_sync.content_test.TestContentManager" name="test_get_team" time="0.000" /><testcase classname="gfootball.frame_sync.content_test.TestContentManager" name="test_list_leagues" time="0.000" /><testcase classname="gfootball.frame_sync.content_test.TestContentManager" name="test_list_stadiums" time="0.000" /><testcase classname="gfootball.frame_sync.content_test.TestContentManager" name="test_list_teams" time="0.000" /><testcase classname="gfootball.frame_sync.content_test.TestContentManager" name="test_team_players" time="0.000" /><testcase classname="gfootball.frame_sync.content_test.TestTeam" name="test_add_player" time="0.000" /><testcase classname="gfootball.frame_sync.content_test.TestTeam" name="test_get_player" time="0.000" /><testcase classname="gfootball.frame_sync.lobby_test.TestLobby" name="test_create_room" time="0.000" /><testcase classname="gfootball.frame_sync.lobby_test.TestLobby" name="test_join_room" time="0.000" /><testcase classname="gfootball.frame_sync.lobby_test.TestLobby" name="test_leave_room" time="0.000" /><testcase classname="gfootball.frame_sync.lobby_test.TestLobby" name="test_match_queue" time="0.000" /><testcase classname="gfootball.frame_sync.lobby_test.TestLobby" name="test_register_player" time="0.000" /><testcase classname="gfootball.frame_sync.lobby_test.TestLobby" name="test_unregister_player" time="0.000" /><testcase classname="gfootball.frame_sync.lobby_test.TestMatchmaking" name="test_elo_calculator" time="0.000" /><testcase classname="gfootball.frame_sync.lobby_test.TestMatchmaking" name="test_enqueue" time="0.000" /><testcase classname="gfootball.frame_sync.lobby_test.TestMatchmaking" name="test_find_match" time="0.000" /><testcase classname="gfootball.frame_sync.lobby_test.TestProfileManager" name="test_create_profile" time="0.000" /><testcase classname="gfootball.frame_sync.lobby_test.TestProfileManager" name="test_leaderboard" time="0.000" /><testcase classname="gfootball.frame_sync.lobby_test.TestProfileManager" name="test_record_match" time="0.000" /><testcase classname="gfootball.frame_sync.lobby_test.TestChatManager" name="test_create_room" time="0.000" /><testcase classname="gfootball.frame_sync.lobby_test.TestChatManager" name="test_direct_message" time="0.000" /><testcase classname="gfootball.frame_sync.lobby_test.TestChatManager" name="test_send_message" time="0.000" /><testcase classname="gfootball.frame_sync.milestone_regression_test" name="test_nested_save_and_load_are_independent" time="0.000" /><testcase classname="gfootball.frame_sync.milestone_regression_test" name="test_invalid_import_leaves_existing_save_untouched" time="0.000" /><testcase classname="gfootball.frame_sync.milestone_regression_test" name="test_progress_export_is_an_independent_snapshot" time="0.000" /><testcase classname="gfootball.frame_sync.milestone_regression_test" name="test_matchmaking_respects_window_then_expands_for_waiting_player" time="0.000" /><testcase classname="gfootball.frame_sync.phase7_integration_test.TestLobbyIntegration" name="test_full_multiplayer_flow" time="0.000" /><testcase classname="gfootball.frame_sync.phase7_integration_test.TestLobbyIntegration" name="test_matchmaking_flow" time="0.000" /><testcase classname="gfootball.frame_sync.phase7_integration_test.TestRankingIntegration" name="test_season_with_ranking" time="0.000" /><testcase classname="gfootball.frame_sync.phase7_integration_test.TestAudioIntegration" name="test_match_commentary" time="0.000" /><testcase classname="gfootball.frame_sync.phase7_integration_test.TestTutorialIntegration" name="test_new_player_journey" time="0.000" /><testcase classname="gfootball.frame_sync.phase7_integration_test.TestContentSaveIntegration" name="test_content_with_progress" time="0.001" /><testcase classname="gfootball.frame_sync.phase7_integration_test.TestEndToEndMatch" name="test_complete_match_flow" time="0.000" /><testcase classname="gfootball.frame_sync.protocol_test.TestSlotInput" name="test_default" time="0.000" /><testcase classname="gfootball.frame_sync.protocol_test.TestSlotInput" name="test_pack_unpack_roundtrip" time="0.000" /><testcase classname="gfootball.frame_sync.protocol_test.TestSlotInput" name="test_binary_size" time="0.000" /><testcase classname="gfootball.frame_sync.protocol_test.TestSlotInput" name="test_boundary_values" time="0.000" /><testcase classname="gfootball.frame_sync.protocol_test.TestSlotInput" name="test_unpack_too_short" time="0.000" /><testcase classname="gfootball.frame_sync.protocol_test.TestMessageType" name="test_heartbeat_value" time="0.000" /><testcase classname="gfootball.frame_sync.protocol_test.TestMessageType" name="test_version_negotiate_value" time="0.000" /><testcase classname="gfootball.frame_sync.protocol_test.TestMessageType" name="test_all_unique" time="0.000" /><testcase classname="gfootball.frame_sync.protocol_test.TestMessageType" name="test_all_in_uint8_range" time="0.000" /><testcase classname="gfootball.frame_sync.protocol_test.TestAuthoritativeFrame" name="test_pack_unpack" time="0.000" /><testcase classname="gfootball.frame_sync.protocol_test.TestAuthoritativeFrame" name="test_empty_slots" time="0.000" /><testcase classname="gfootball.frame_sync.protocol_test.TestAuthoritativeFrame" name="test_header_size" time="0.000" /><testcase classname="gfootball.frame_sync.protocol_test.TestClientFrameInput" name="test_pack_unpack" time="0.000" /><testcase classname="gfootball.frame_sync.protocol_test.TestClientFrameInput" name="test_empty_entries" time="0.000" /><testcase classname="gfootball.frame_sync.protocol_test.TestClientFrameInput" name="test_header_layout" time="0.000" /><testcase classname="gfootball.frame_sync.protocol_test.TestSessionStart" name="test_pack_unpack" time="0.000" /><testcase classname="gfootball.frame_sync.protocol_test.TestSessionStart" name="test_payload_size" time="0.000" /><testcase classname="gfootball.frame_sync.protocol_test.TestSlotAssignment" name="test_pack_unpack" time="0.000" /><testcase classname="gfootball.frame_sync.protocol_test.TestSlotAssignment" name="test_single_slot" time="0.000" /><testcase classname="gfootball.frame_sync.protocol_test.TestStateHash" name="test_pack_unpack" time="0.000" /><testcase classname="gfootball.frame_sync.protocol_test.TestStateHash" name="test_size" time="0.000" /><testcase classname="gfootball.frame_sync.protocol_test.TestHeartbeat" name="test_pack_unpack" time="0.000" /><testcase classname="gfootball.frame_sync.protocol_test.TestHeartbeat" name="test_size" time="0.000" /><testcase classname="gfootball.frame_sync.protocol_test.TestHeartbeat" name="test_boundary" time="0.000" /><testcase classname="gfootball.frame_sync.protocol_test.TestHeartbeat" name="test_rejects_non_heartbeat" time="0.000" /><testcase classname="gfootball.frame_sync.protocol_test.TestStateHashCompute" name="test_consistent" time="0.000" /><testcase classname="gfootball.frame_sync.protocol_test.TestStateHashCompute" name="test_different_inputs" time="0.000" /><testcase classname="gfootball.frame_sync.protocol_test.TestStateHashCompute" name="test_64bit_range" time="0.000" /><testcase classname="gfootball.frame_sync.protocol_test.TestVersionNegotiate" name="test_pack_unpack" time="0.000" /><testcase classname="gfootball.frame_sync.protocol_test.TestVersionNegotiate" name="test_defaults" time="0.000" /><testcase classname="gfootball.frame_sync.protocol_test.TestVersionNegotiate" name="test_size" time="0.000" /><testcase classname="gfootball.frame_sync.protocol_test.TestVersionNegotiate" name="test_boundary" time="0.000" /><testcase classname="gfootball.frame_sync.protocol_test.TestVersionNegotiate" name="test_rejects_non_version" time="0.000" /><testcase classname="gfootball.frame_sync.protocol_test.TestConfig" name="test_heartbeat" time="0.000" /><testcase classname="gfootball.frame_sync.protocol_test.TestConfig" name="test_reconnect" time="0.000" /><testcase classname="gfootball.frame_sync.protocol_test.TestConfig" name="test_prediction" time="0.000" /><testcase classname="gfootball.frame_sync.protocol_test.TestConfig" name="test_reconnect_backoff_formula" time="0.000" /><testcase classname="gfootball.frame_sync.protocol_test.TestFrameSyncClient" name="test_has_reconnect_methods" time="0.000" /><testcase classname="gfootball.frame_sync.protocol_test.TestFrameSyncClient" name="test_has_rtt_methods" time="0.000" /><testcase classname="gfootball.frame_sync.protocol_test.TestFrameSyncClient" name="test_rtt_initial_values" time="0.000" /><testcase classname="gfootball.frame_sync.protocol_test.TestFrameSyncServer" name="test_has_required_methods" time="0.000" /><testcase classname="gfootball.frame_sync.protocol_test.TestLogicStateHolder" name="test_write_and_read" time="0.000" /><testcase classname="gfootball.frame_sync.protocol_test.TestLogicStateHolder" name="test_read_interpolated_single_frame" time="0.000" /><testcase classname="gfootball.frame_sync.protocol_test.TestLogicStateHolder" name="test_read_interpolated_two_frames" time="0.021" /><testcase classname="gfootball.frame_sync.protocol_test.TestLogicStateHolder" name="test_buffer_depth" time="0.000" /><testcase classname="gfootball.frame_sync.protocol_test.TestLogicStateHolder" name="test_set_logic_fps" time="0.000" /><testcase classname="gfootball.frame_sync.protocol_test.TestPresentationLoop" name="test_has_methods" time="0.000" /><testcase classname="gfootball.frame_sync.protocol_test.TestPresentationLoop" name="test_run_one_frame" time="0.000" /><testcase classname="gfootball.frame_sync.protocol_test.TestPresentationLoop" name="test_jitter_stats_empty" time="0.000" /><testcase classname="gfootball.frame_sync.ranking_test.TestRankingManager" name="test_create_board" time="0.000" /><testcase classname="gfootball.frame_sync.ranking_test.TestRankingManager" name="test_get_rank" time="0.000" /><testcase classname="gfootball.frame_sync.ranking_test.TestRankingManager" name="test_global_top" time="0.000" /><testcase classname="gfootball.frame_sync.ranking_test.TestRankingManager" name="test_rank_tier" time="0.000" /><testcase classname="gfootball.frame_sync.ranking_test.TestRankingManager" name="test_update_rating" time="0.000" /><testcase classname="gfootball.frame_sync.ranking_test.TestSeasonManager" name="test_create_season" time="0.000" /><testcase classname="gfootball.frame_sync.ranking_test.TestSeasonManager" name="test_finish_season" time="0.000" /><testcase classname="gfootball.frame_sync.ranking_test.TestSeasonManager" name="test_leaderboard" time="0.000" /><testcase classname="gfootball.frame_sync.ranking_test.TestSeasonManager" name="test_record_match" time="0.000" /><testcase classname="gfootball.frame_sync.ranking_test.TestSeasonManager" name="test_start_season" time="0.000" /><testcase classname="gfootball.frame_sync.save_test.TestSaveManager" name="test_create_slot" time="0.000" /><testcase classname="gfootball.frame_sync.save_test.TestSaveManager" name="test_delete_slot" time="0.000" /><testcase classname="gfootball.frame_sync.save_test.TestSaveManager" name="test_export_import" time="0.000" /><testcase classname="gfootball.frame_sync.save_test.TestSaveManager" name="test_list_slots" time="0.000" /><testcase classname="gfootball.frame_sync.save_test.TestSaveManager" name="test_save_and_load" time="0.000" /><testcase classname="gfootball.frame_sync.save_test.TestSaveManager" name="test_storage_usage" time="0.000" /><testcase classname="gfootball.frame_sync.save_test.TestGameProgress" name="test_get_set" time="0.000" /><testcase classname="gfootball.frame_sync.save_test.TestGameProgress" name="test_to_dict" time="0.000" /><testcase classname="gfootball.frame_sync.save_test.TestGameProgress" name="test_unlock_team" time="0.000" /><testcase classname="gfootball.frame_sync.save_test.TestGameProgress" name="test_update_stats" time="0.000" /><testcase classname="gfootball.frame_sync.save_test.TestReplayManager" name="test_get_highlights" time="0.000" /><testcase classname="gfootball.frame_sync.save_test.TestReplayManager" name="test_list_replays" time="0.000" /><testcase classname="gfootball.frame_sync.save_test.TestReplayManager" name="test_record_event" time="0.000" /><testcase classname="gfootball.frame_sync.save_test.TestReplayManager" name="test_record_frame" time="0.000" /><testcase classname="gfootball.frame_sync.save_test.TestReplayManager" name="test_start_stop_recording" time="0.000" /><testcase classname="gfootball.frame_sync.test_client_logic_budget.LogicBudgetTest" name="test_adaptive_cap_is_used_in_execution_including_zero" time="0.001" /><testcase classname="gfootball.frame_sync.test_client_logic_budget.LogicBudgetTest" name="test_authority_validation_happens_before_engine_step" time="0.001" /><testcase classname="gfootball.frame_sync.test_client_logic_budget.LogicBudgetTest" name="test_callback_stop_close_and_reentrancy_never_start_a_prediction" time="0.001" /><testcase classname="gfootball.frame_sync.test_client_logic_budget.LogicBudgetTest" name="test_catchup_is_bounded_and_suppresses_prediction_while_backlogged" time="0.000" /><testcase classname="gfootball.frame_sync.test_client_logic_budget.LogicBudgetTest" name="test_configuration_rejects_unbounded_and_invalid_values" time="0.001" /><testcase classname="gfootball.frame_sync.test_client_logic_budget.LogicBudgetTest" name="test_confirmed_hash_mismatch_is_terminal_before_any_new_prediction" time="0.000" /><testcase classname="gfootball.frame_sync.test_client_logic_budget.LogicBudgetTest" name="test_conflicting_or_distant_future_hashes_fail_closed" time="0.000" /><testcase classname="gfootball.frame_sync.test_client_logic_budget.LogicBudgetTest" name="test_correct_predictions_confirm_without_restepping_and_float32_matches_wire" time="0.000" /><testcase classname="gfootball.frame_sync.test_client_logic_budget.LogicBudgetTest" name="test_every_affected_prediction_replayed_against_independent_oracle" time="0.000" /><testcase classname="gfootball.frame_sync.test_client_logic_budget.LogicBudgetTest" name="test_failed_correction_root_restores_before_state_and_stops" time="0.000" /><testcase classname="gfootball.frame_sync.test_client_logic_budget.LogicBudgetTest" name="test_growth_during_correction_recovers_authority_and_reuses_sent_input" time="0.000" /><testcase classname="gfootball.frame_sync.test_client_logic_budget.LogicBudgetTest" name="test_hash_arrives_before_authority_and_late_hash_uses_confirmed_state" time="0.000" /><testcase classname="gfootball.frame_sync.test_client_logic_budget.LogicBudgetTest" name="test_hash_window_bounded_and_evicted_hash_rejected" time="0.010" /><testcase classname="gfootball.frame_sync.test_client_logic_budget.LogicBudgetTest" name="test_hash_work_budget_is_shared_by_both_drains" time="0.000" /><testcase classname="gfootball.frame_sync.test_client_logic_budget.LogicBudgetTest" name="test_infinite_callback_is_bounded_and_duplicate_slots_rejected" time="0.000" /><testcase classname="gfootball.frame_sync.test_client_logic_budget.LogicBudgetTest" name="test_old_authority_is_never_silently_marked_confirmed_without_correction" time="0.000" /><testcase classname="gfootball.frame_sync.test_client_logic_budget.LogicBudgetTest" name="test_oversized_digest_and_published_state_are_terminal" time="0.000" /><testcase classname="gfootball.frame_sync.test_client_logic_budget.LogicBudgetTest" name="test_prediction_exact_cap_no_snapshots_or_duplicate_sends_while_stalled" time="0.002" /><testcase classname="gfootball.frame_sync.test_client_logic_budget.LogicBudgetTest" name="test_prediction_step_or_digest_failure_restores_before_state" time="0.000" /><testcase classname="gfootball.frame_sync.test_client_logic_budget.LogicBudgetTest" name="test_presentation_only_publishes_changed_bounded_state" time="0.000" /><testcase classname="gfootball.frame_sync.test_client_logic_budget.LogicBudgetTest" name="test_random_delays_and_corrections_match_1000_authoritative_frames_at_2_and_22_slots" time="0.089" /><testcase classname="gfootball.frame_sync.test_client_logic_budget.LogicBudgetTest" name="test_retries_are_rate_limited_identical_and_target_oldest_unconfirmed_input" time="0.004" /><testcase classname="gfootball.frame_sync.test_client_logic_budget.LogicBudgetTest" name="test_save_failure_during_correction_recovers_then_stops" time="0.001" /><testcase classname="gfootball.frame_sync.test_client_logic_budget.LogicBudgetTest" name="test_second_run_loop_cannot_clear_a_tick_stopped_inside_its_callback" time="0.001" /><testcase classname="gfootball.frame_sync.test_client_logic_budget.LogicBudgetTest" name="test_snapshot_and_total_history_limits_stop_prediction_but_not_authority" time="0.000" /><testcase classname="gfootball.frame_sync.test_client_logic_budget.LogicBudgetTest" name="test_stop_interrupts_low_rate_loop_without_waiting_a_full_period" time="0.001" /><testcase classname="gfootball.frame_sync.test_client_logic_budget.LogicTCPTest" name="test_actual_sync_transport_reconciliation_and_three_confirmed_hashes" time="0.065" /><testcase classname="gfootball.frame_sync.test_client_logic_budget.LogicTCPTest" name="test_current_frame_only_server_receives_exact_cached_future_inputs_on_retry" time="0.137" /><testcase classname="gfootball.frame_sync.test_client_logic_budget.LogicAsyncTCPTest" name="test_actual_async_transport_runs_the_same_logic_and_exact_input_contract" time="0.098" /><testcase classname="gfootball.frame_sync.test_first_authority_boundary" name="test_consumed_first_authority_releases_lobby_and_prediction[tcp]" time="0.020" /><testcase classname="gfootball.frame_sync.test_first_authority_boundary" name="test_consumed_first_authority_releases_lobby_and_prediction[udp]" time="0.052" /><testcase classname="gfootball.frame_sync.test_frame_pacing.FramePacingTest" name="test_bad_clock_and_stalled_wait_fail_instead_of_spinning" time="0.001" /><testcase classname="gfootball.frame_sync.test_frame_pacing.FramePacingTest" name="test_boundary_lateness_and_60hz_interval_rounding" time="0.000" /><testcase classname="gfootball.frame_sync.test_frame_pacing.FramePacingTest" name="test_cancel_before_first_tick_or_during_wait_does_not_admit_work" time="0.000" /><testcase classname="gfootball.frame_sync.test_frame_pacing.FramePacingTest" name="test_early_wakeup_rechecks_deadline_without_admitting_early" time="0.000" /><testcase classname="gfootball.frame_sync.test_frame_pacing.FramePacingTest" name="test_foreign_thread_and_reentrancy_are_rejected_without_sticking_active" time="0.001" /><testcase classname="gfootball.frame_sync.test_frame_pacing.FramePacingTest" name="test_invalid_configuration_and_exhausted_clock_are_rejected" time="0.000" /><testcase classname="gfootball.frame_sync.test_frame_pacing.FramePacingTest" name="test_processing_cost_and_wakeup_overshoot_do_not_accumulate_drift" time="0.002" /><testcase classname="gfootball.frame_sync.test_frame_pacing.FramePacingTest" name="test_quit_sources_wake_wait_and_save_read_is_independent" time="0.000" /><testcase classname="gfootball.frame_sync.test_frame_pacing.FramePacingTest" name="test_real_event_wakes_input_wait_without_consuming_save_or_actions" time="0.001" /><testcase classname="gfootball.frame_sync.test_frame_pacing.FramePacingTest" name="test_stall_discards_schedule_debt_without_a_catchup_burst" time="0.000" /><testcase classname="gfootball.frame_sync.test_frame_pacing.FramePacingTest" name="test_waiting_retry_stall_and_correction_never_resample_a_sent_frame" time="0.000" /><testcase classname="gfootball.frame_sync.test_frame_pacing.AsyncFramePacingTest" name="test_async_deadlines_match_sync_and_yield_during_overrun" time="0.001" /><testcase classname="gfootball.frame_sync.test_frame_pacing.AsyncFramePacingTest" name="test_cancelled_task_releases_wait_guard_and_never_admits_tick" time="0.001" /><testcase classname="gfootball.frame_sync.test_graphical_input.GraphicalInputTest" name="test_diagonal_and_opposite_keys_have_consistent_speed" time="0.000" /><testcase classname="gfootball.frame_sync.test_graphical_input.GraphicalInputTest" name="test_events_between_ui_polls_and_multiple_actions_are_latched" time="0.000" /><testcase classname="gfootball.frame_sync.test_graphical_input.GraphicalInputTest" name="test_focus_loss_discards_held_and_pending_inputs_and_save" time="0.000" /><testcase classname="gfootball.frame_sync.test_graphical_input.GraphicalInputTest" name="test_invalid_input_is_atomic_and_bounded" time="0.000" /><testcase classname="gfootball.frame_sync.test_graphical_input.GraphicalInputTest" name="test_pad_actions_dpad_priority_and_hot_disconnect" time="0.000" /><testcase classname="gfootball.frame_sync.test_graphical_input.GraphicalInputTest" name="test_producer_and_consumer_only_observe_complete_samples" time="0.025" /><testcase classname="gfootball.frame_sync.test_graphical_input.GraphicalInputTest" name="test_radial_deadzone_rescales_without_diagonal_acceleration" time="0.000" /><testcase classname="gfootball.frame_sync.test_graphical_input.GraphicalInputTest" name="test_save_is_edge_triggered_quit_is_sticky_and_commands_do_not_consume_actions" time="0.000" /><testcase classname="gfootball.frame_sync.test_graphical_input.GraphicalInputTest" name="test_short_tap_is_delivered_once_but_held_action_persists" time="0.000" /><testcase classname="gfootball.frame_sync.test_graphical_native.GraphicalNativeTest" name="test_actual_local_pause_and_persistent_hud_do_not_change_physics" time="4.157" /><testcase classname="gfootball.frame_sync.test_graphical_native.GraphicalNativeTest" name="test_actual_skeleton_ball_camera_interpolation_changes_pixels_without_physics" time="3.828" /><testcase classname="gfootball.frame_sync.test_graphical_native.GraphicalNativeTest" name="test_real_display_restores_lifecycle_and_renders_nonempty_rgb" time="3.522"><failure message="RuntimeError: Graphical input requires an SDL window">self = &lt;gfootball.frame_sync.test_graphical_native.GraphicalNativeTest testMethod=test_real_display_restores_lifecycle_and_renders_nonempty_rgb&gt;

    def test_real_display_restores_lifecycle_and_renders_nonempty_rgb(self):
      with native_match_engine(ServerSettings()) as logic:
        identity = engine_identity(logic)
        with native_match_display(ServerSettings(), identity) as display:
          self.assertTrue(display.game_config.render)
          self.assertFalse(logic.game_config.render)
          for _ in range(3):
            logic.step_with_input(pack_slot_input(default_slot_input()))
            display.set_state(logic.get_state(''))
            expected = engine_digest(logic)
            self.assertEqual(engine_digest(display), expected)
            for _ in range(2):
              display.render()
              self.assertEqual(engine_digest(display), expected)
            frame = np.frombuffer(display.get_frame(), dtype=np.uint8)
            self.assertEqual(frame.size, 1280 * 720 * 3)
            self.assertGreater(float(frame.std()), 1.)
            self.assertGreater(float(frame.mean()), 1.)
            self.assertLess(float(frame.mean()), 254.)
&gt;           InputBuffer().feed(**display.poll_input())
                                 ^^^^^^^^^^^^^^^^^^^^

gfootball/frame_sync/test_graphical_native.py:114: 
_ _ _ _ _ _ _ _ _ _ _ _ _ _ _ _ _ _ _ _ _ _ _ _ _ _ _ _ _ _ _ _ _ _ _ _ _ _ _ _ 

self = &lt;gfootball.owned_engine.OwnedEngine object at 0x7d809dd08af0&gt;
name = 'poll_input', args = (), kwargs = {}

    def _invoke(self, name, *args, **kwargs):
      resource = self._resource()
      self._active = True
      try:
&gt;       return getattr(resource, name)(*args, **kwargs)
               ^^^^^^^^^^^^^^^^^^^^^^^^^^^^^^^^^^^^^^^^
E       RuntimeError: Graphical input requires an SDL window

gfootball/owned_engine.py:57: RuntimeError</failure></testcase><testcase classname="gfootball.frame_sync.test_graphical_native.GraphicalNativeTest" name="test_real_graphical_match_resume_and_replay" time="3.604"><failure message="RuntimeError: Graphical input requires an SDL window">self = &lt;gfootball.frame_sync.test_graphical_native.GraphicalNativeTest testMethod=test_real_graphical_match_resume_and_replay&gt;

    def test_real_graphical_match_resume_and_replay(self):
      with tempfile.TemporaryDirectory() as directory:
        save, replay = str(Path(directory) / 'match.save'), str(Path(directory) / 'match.replay')
&gt;       played = run_graphical(max_frames=3, options=dict(save_path=save, record_path=replay))
                 ^^^^^^^^^^^^^^^^^^^^^^^^^^^^^^^^^^^^^^^^^^^^^^^^^^^^^^^^^^^^^^^^^^^^^^^^^^^^^

gfootball/frame_sync/test_graphical_native.py:121: 
_ _ _ _ _ _ _ _ _ _ _ _ _ _ _ _ _ _ _ _ _ _ _ _ _ _ _ _ _ _ _ _ _ _ _ _ _ _ _ _ 
gfootball/frame_sync/graphical_runtime.py:336: in run_graphical
    raise failure
gfootball/frame_sync/graphical_runtime.py:278: in run_graphical
    inputs.feed(**display.poll_input())
                  ^^^^^^^^^^^^^^^^^^^^
_ _ _ _ _ _ _ _ _ _ _ _ _ _ _ _ _ _ _ _ _ _ _ _ _ _ _ _ _ _ _ _ _ _ _ _ _ _ _ _ 

self = &lt;gfootball.owned_engine.OwnedEngine object at 0x7d807e135c20&gt;
name = 'poll_input', args = (), kwargs = {}

    def _invoke(self, name, *args, **kwargs):
      resource = self._resource()
      self._active = True
      try:
&gt;       return getattr(resource, name)(*args, **kwargs)
               ^^^^^^^^^^^^^^^^^^^^^^^^^^^^^^^^^^^^^^^^
E       RuntimeError: Graphical input requires an SDL window

gfootball/owned_engine.py:57: RuntimeError</failure></testcase><testcase classname="gfootball.frame_sync.test_graphical_native.GraphicalNativeTest" name="test_real_sdl_window_quit_stops_unbounded_match" time="3.619"><failure message="RuntimeError: Graphical input requires an SDL window">self = &lt;gfootball.frame_sync.test_graphical_native.GraphicalNativeTest testMethod=test_real_sdl_window_quit_stops_unbounded_match&gt;

    def test_real_sdl_window_quit_stops_unbounded_match(self):
&gt;     result = run_graphical(on_ready=lambda info: push_sdl_quit())
               ^^^^^^^^^^^^^^^^^^^^^^^^^^^^^^^^^^^^^^^^^^^^^^^^^^^^

gfootball/frame_sync/test_graphical_native.py:135: 
_ _ _ _ _ _ _ _ _ _ _ _ _ _ _ _ _ _ _ _ _ _ _ _ _ _ _ _ _ _ _ _ _ _ _ _ _ _ _ _ 
gfootball/frame_sync/graphical_runtime.py:336: in run_graphical
    raise failure
gfootball/frame_sync/graphical_runtime.py:278: in run_graphical
    inputs.feed(**display.poll_input())
                  ^^^^^^^^^^^^^^^^^^^^
_ _ _ _ _ _ _ _ _ _ _ _ _ _ _ _ _ _ _ _ _ _ _ _ _ _ _ _ _ _ _ _ _ _ _ _ _ _ _ _ 

self = &lt;gfootball.owned_engine.OwnedEngine object at 0x7d807e5f7d90&gt;
name = 'poll_input', args = (), kwargs = {}

    def _invoke(self, name, *args, **kwargs):
      resource = self._resource()
      self._active = True
      try:
&gt;       return getattr(resource, name)(*args, **kwargs)
               ^^^^^^^^^^^^^^^^^^^^^^^^^^^^^^^^^^^^^^^^
E       RuntimeError: Graphical input requires an SDL window

gfootball/owned_engine.py:57: RuntimeError</failure></testcase><testcase classname="gfootball.frame_sync.test_graphical_runtime.GraphicalRuntimeTest" name="test_display_identity_allows_only_the_original_render_role" time="0.001" /><testcase classname="gfootball.frame_sync.test_graphical_runtime.GraphicalRuntimeTest" name="test_input_failure_is_propagated_and_all_owners_close" time="0.036" /><testcase classname="gfootball.frame_sync.test_graphical_runtime.GraphicalRuntimeTest" name="test_local_natural_end_display_save_resume_and_verified_replay" time="0.248" /><testcase classname="gfootball.frame_sync.test_graphical_runtime.GraphicalRuntimeTest" name="test_main_thread_required_before_allocating_any_engine" time="0.001" /><testcase classname="gfootball.frame_sync.test_graphical_runtime.GraphicalRuntimeTest" name="test_menu_graphics_local_resume_replay_use_actual_files_and_restore_scope" time="0.143" /><testcase classname="gfootball.frame_sync.test_graphical_runtime.GraphicalRuntimeTest" name="test_mismatch_rejected_before_display_restore_and_closes_worker" time="0.019" /><testcase classname="gfootball.frame_sync.test_graphical_runtime.GraphicalRuntimeTest" name="test_render_and_cleanup_failures_preserve_primary_and_previous_output" time="0.036" /><testcase classname="gfootball.frame_sync.test_graphical_runtime.GraphicalRuntimeTest" name="test_replay_window_cancellation_never_claims_full_verification" time="0.074" /><testcase classname="gfootball.frame_sync.test_graphical_runtime.GraphicalRuntimeTest" name="test_startup_failure_does_not_allocate_display" time="0.001" /><testcase classname="gfootball.frame_sync.test_graphical_runtime.GraphicalRuntimeTest" name="test_tcp_graphical_host_and_real_join" time="0.133" /><testcase classname="gfootball.frame_sync.test_graphical_runtime.GraphicalRuntimeTest" name="test_tcp_graphical_join_and_real_host" time="0.133" /><testcase classname="gfootball.frame_sync.test_graphical_runtime.GraphicalRuntimeTest" name="test_udp_graphical_host_and_real_join" time="1.181" /><testcase classname="gfootball.frame_sync.test_graphical_runtime.GraphicalRuntimeTest" name="test_udp_graphical_join_and_real_host" time="1.178" /><testcase classname="gfootball.frame_sync.test_graphical_runtime.GraphicalRuntimeTest" name="test_window_quit_before_first_input_finalizes_zero_frame_replay" time="0.038" /><testcase classname="gfootball.frame_sync.test_graphical_startup_boundary" name="test_quit_between_input_feed_and_ready_finalizes_replay" time="0.086" /><testcase classname="gfootball.frame_sync.test_match_archive.MatchIntegrationTest" name="test_callback_failure_closes_match_and_aborts_export" time="0.027" /><testcase classname="gfootball.frame_sync.test_match_archive.MatchIntegrationTest" name="test_corrupt_checkpoint_does_not_construct_engines" time="0.001" /><testcase classname="gfootball.frame_sync.test_match_archive.MatchIntegrationTest" name="test_corrupt_replay_is_rejected_before_engine_factory" time="0.000" /><testcase classname="gfootball.frame_sync.test_match_archive.MatchIntegrationTest" name="test_existing_checkpoint_survives_failed_atomic_publication" time="0.044" /><testcase classname="gfootball.frame_sync.test_match_archive.MatchIntegrationTest" name="test_export_failure_still_closes_all_owners" time="0.030" /><testcase classname="gfootball.frame_sync.test_match_archive.MatchIntegrationTest" name="test_finished_recorder_can_be_closed_twice_and_releases_manager_budget" time="0.001" /><testcase classname="gfootball.frame_sync.test_match_archive.MatchIntegrationTest" name="test_foreign_thread_cannot_step_or_save_engine" time="0.016" /><testcase classname="gfootball.frame_sync.test_match_archive.MatchIntegrationTest" name="test_fresh_process_checkpoint_read_needs_no_native_module" time="0.108" /><testcase classname="gfootball.frame_sync.test_match_archive.MatchIntegrationTest" name="test_integrity_valid_replay_with_wrong_positions_is_rejected" time="0.040" /><testcase classname="gfootball.frame_sync.test_match_archive.MatchIntegrationTest" name="test_invalid_input_cannot_step_authority" time="0.015" /><testcase classname="gfootball.frame_sync.test_match_archive.MatchIntegrationTest" name="test_invalid_snapshot_bounds_and_encoding_rejected" time="0.001" /><testcase classname="gfootball.frame_sync.test_match_archive.MatchIntegrationTest" name="test_maximum_snapshot_chunks_and_real_file_round_trip" time="0.141" /><testcase classname="gfootball.frame_sync.test_match_archive.MatchIntegrationTest" name="test_menu_local_continue_and_replay_use_actual_runtime_and_files" time="0.085" /><testcase classname="gfootball.frame_sync.test_match_archive.MatchIntegrationTest" name="test_play_save_reload_continue_and_both_replays_match" time="0.142" /><testcase classname="gfootball.frame_sync.test_match_archive.MatchIntegrationTest" name="test_playback_callback_failure_closes_its_engine" time="0.039" /><testcase classname="gfootball.frame_sync.test_match_archive.MatchIntegrationTest" name="test_recording_capacity_failure_never_publishes_partial_success" time="0.039" /><testcase classname="gfootball.frame_sync.test_match_archive.MatchIntegrationTest" name="test_reentrant_step_is_rejected_and_context_preserves_original_error" time="0.027" /><testcase classname="gfootball.frame_sync.test_match_archive.MatchIntegrationTest" name="test_replica_factory_failure_closes_authority" time="0.002" /><testcase classname="gfootball.frame_sync.test_match_archive.MatchIntegrationTest" name="test_replica_restore_failure_closes_both_engines" time="0.011" /><testcase classname="gfootball.frame_sync.test_match_archive.MatchIntegrationTest" name="test_replica_step_failure_aborts_recording_preserves_previous_file" time="0.034" /><testcase classname="gfootball.frame_sync.test_match_archive.MatchIntegrationTest" name="test_zero_frame_continuation_preserves_existing_score" time="0.070" /><testcase classname="gfootball.frame_sync.test_match_cadence.MatchCadenceTest" name="test_canonical_contract_and_independent_wire_vector" time="0.000" /><testcase classname="gfootball.frame_sync.test_match_cadence.MatchCadenceTest" name="test_fragmented_origin_and_ack_are_admitted_only_when_complete" time="0.001" /><testcase classname="gfootball.frame_sync.test_match_cadence.MatchCadenceTest" name="test_native_adapter_checks_steps_without_rehashing_files" time="0.000" /><testcase classname="gfootball.frame_sync.test_match_cadence.MatchCadenceTest" name="test_old_versions_or_incomplete_confirmation_rejected" time="0.000" /><testcase classname="gfootball.frame_sync.test_match_cadence.MatchCadenceTest" name="test_origin_requires_contract_before_exposing_ready_and_clears_failure" time="0.001" /><testcase classname="gfootball.frame_sync.test_match_cadence.MatchCadenceTest" name="test_strict_types_fields_and_unsupported_rates" time="0.002" /><testcase classname="gfootball.frame_sync.test_match_cadence.MatchCadenceNetworkTest" name="test_both_transports_confirm_before_frame_zero_and_after_reconnect" time="5.228" /><testcase classname="gfootball.frame_sync.test_match_cadence.MatchCadenceNetworkTest" name="test_mismatched_origin_rejected_before_client_engine_construction" time="0.036" /><testcase classname="gfootball.frame_sync.test_match_cadence.MatchCadenceNetworkTest" name="test_old_version_cannot_acquire_a_match_slot" time="5.029" /><testcase classname="gfootball.frame_sync.test_match_cadence.MatchCadenceNetworkTest" name="test_partial_confirmation_does_not_release_slot" time="0.027" /><testcase classname="gfootball.frame_sync.test_match_cadence.MatchCadenceNetworkTest" name="test_plain_ready_and_wrong_cadence_cannot_release_authority" time="4.713" /><testcase classname="gfootball.frame_sync.test_match_cadence.MatchCadenceNetworkTest" name="test_resume_cadence_change_never_reaches_existing_engine_restore" time="5.130" /><testcase classname="gfootball.frame_sync.test_match_cadence.MatchCadenceNetworkTest" name="test_runtime_cannot_override_confirmed_cadence" time="0.046" /><testcase classname="gfootball.frame_sync.test_match_completion_native.MatchCompletionNativeTest" name="test_real_gameenv_completed_checkpoint_and_replay" time="2.810" /><testcase classname="gfootball.frame_sync.test_match_completion_native.MatchCompletionNativeTest" name="test_real_gameenv_tcp_natural_end_and_ack" time="2.484" /><testcase classname="gfootball.frame_sync.test_match_completion_native.MatchCompletionNativeTest" name="test_real_gameenv_udp_natural_end_and_ack" time="3.499" /><testcase classname="gfootball.frame_sync.test_match_control.MatchControlCodecTest" name="test_ack_has_independent_golden_and_cannot_ack_running" time="0.000" /><testcase classname="gfootball.frame_sync.test_match_control.MatchControlCodecTest" name="test_control_has_independent_little_endian_golden" time="0.000" /><testcase classname="gfootball.frame_sync.test_match_control.MatchControlCodecTest" name="test_converted_input_still_uses_real_window_validation_and_budget" time="0.000" /><testcase classname="gfootball.frame_sync.test_match_control.MatchControlCodecTest" name="test_epoch_exhaustion_cannot_wrap_or_skip_resume_preparation" time="0.000" /><testcase classname="gfootball.frame_sync.test_match_control.MatchControlCodecTest" name="test_epoch_input_preserves_wire_slot_float32_and_buttons" time="0.000" /><testcase classname="gfootball.frame_sync.test_match_control.MatchControlCodecTest" name="test_fixed_packets_reject_truncation_suffix_type_and_invalid_phase" time="0.000" /><testcase classname="gfootball.frame_sync.test_match_control.MatchControlCodecTest" name="test_input_shape_and_sender_values_reject_without_masking" time="0.000" /><testcase classname="gfootball.frame_sync.test_match_control.MatchControlCodecTest" name="test_metadata_and_integer_fields_are_strict_and_bounded" time="0.001" /><testcase classname="gfootball.frame_sync.test_match_control.MatchControlCodecTest" name="test_only_pause_prepare_and_commit_form_valid_transitions" time="0.000" /><testcase classname="gfootball.frame_sync.test_match_control.MatchControlLogicTest" name="test_ack_admission_failure_closes_and_duplicate_does_not_repeat_notification" time="0.000" /><testcase classname="gfootball.frame_sync.test_match_control.MatchControlLogicTest" name="test_authority_past_pause_is_rejected_before_stepping" time="0.000" /><testcase classname="gfootball.frame_sync.test_match_control.MatchControlLogicTest" name="test_commit_and_first_authority_in_same_batch_apply_in_order" time="0.000" /><testcase classname="gfootball.frame_sync.test_match_control.MatchControlLogicTest" name="test_commit_consumption_failure_cannot_resume_prediction" time="0.000" /><testcase classname="gfootball.frame_sync.test_match_control.MatchControlLogicTest" name="test_commit_followed_by_pause_is_consumed_in_order_without_new_prediction" time="0.000" /><testcase classname="gfootball.frame_sync.test_match_control.MatchControlLogicTest" name="test_hash_failure_closes_before_ack_and_releases_abandoned_inputs" time="0.000" /><testcase classname="gfootball.frame_sync.test_match_control.MatchControlLogicTest" name="test_invalid_transition_and_second_unacked_control_are_rejected" time="0.000" /><testcase classname="gfootball.frame_sync.test_match_control.MatchControlLogicTest" name="test_long_pause_keeps_connection_checks_and_hash_drains_without_retry_or_step" time="0.001" /><testcase classname="gfootball.frame_sync.test_match_control.MatchControlLogicTest" name="test_missing_boundary_snapshot_fails_closed_without_ack" time="0.000" /><testcase classname="gfootball.frame_sync.test_match_control.MatchControlLogicTest" name="test_notification_failure_or_stop_prevents_ack" time="0.000" /><testcase classname="gfootball.frame_sync.test_match_control.MatchControlLogicTest" name="test_origin_requires_exact_frame_hash_and_unsampled_session" time="0.000" /><testcase classname="gfootball.frame_sync.test_match_control.MatchControlLogicTest" name="test_pause_closing_admission_during_send_is_not_a_disconnect" time="0.000" /><testcase classname="gfootball.frame_sync.test_match_control.MatchControlLogicTest" name="test_pause_during_sample_discards_unsent_input" time="0.000" /><testcase classname="gfootball.frame_sync.test_match_control.MatchControlLogicTest" name="test_pause_freezes_sampling_immediately_but_catchup_remains_bounded" time="0.000" /><testcase classname="gfootball.frame_sync.test_match_control.MatchControlLogicTest" name="test_pause_publishes_authoritative_rewind_and_does_not_repeat_snapshot_work" time="0.000" /><testcase classname="gfootball.frame_sync.test_match_control.MatchControlLogicTest" name="test_paused_origin_stays_quiescent_without_extra_barrier_ack" time="0.000" /><testcase classname="gfootball.frame_sync.test_match_control.MatchControlLogicTest" name="test_prediction_rewinds_and_old_epoch_shot_cannot_reappear_after_resume" time="0.000" /><testcase classname="gfootball.frame_sync.test_match_control.MatchControlLogicTest" name="test_reentrant_control_initialization_cannot_replace_active_tick" time="0.000" /><testcase classname="gfootball.frame_sync.test_match_control.MatchControlLogicTest" name="test_terminal_boundary_and_stop_remain_available_while_paused" time="0.000" /><testcase classname="gfootball.frame_sync.test_match_control.MatchControlInputTest" name="test_controller_disconnect_is_neutral_but_reconnect_cannot_replay_old_tap" time="0.001" /><testcase classname="gfootball.frame_sync.test_match_control.MatchControlInputTest" name="test_controller_stick_actions_dpad_and_pressed_edges_require_release" time="0.000" /><testcase classname="gfootball.frame_sync.test_match_control.MatchControlInputTest" name="test_focus_loss_does_not_release_gate_until_focused_neutral_observation" time="0.000" /><testcase classname="gfootball.frame_sync.test_match_control.MatchControlInputTest" name="test_held_keyboard_and_opposites_do_not_count_as_neutral" time="0.000" /><testcase classname="gfootball.frame_sync.test_match_control.MatchControlInputTest" name="test_pause_discards_pending_taps_and_resume_requires_fresh_press" time="0.000" /><testcase classname="gfootball.frame_sync.test_match_control.MatchControlInputTest" name="test_save_and_quit_remain_independent_and_do_not_prevent_neutral_release" time="0.000" /><testcase classname="gfootball.frame_sync.test_match_control.MatchControlInputTest" name="test_suspension_is_strict_idempotent_and_closed_buffer_cannot_resume" time="0.000" /><testcase classname="gfootball.frame_sync.test_match_finish_boundary" name="test_public_finish_commits_inflight_frame[tcp]" time="0.039" /><testcase classname="gfootball.frame_sync.test_match_finish_boundary" name="test_public_finish_commits_inflight_frame[udp]" time="0.073" /><testcase classname="gfootball.frame_sync.test_match_finish_boundary" name="test_shared_finish_survives_waiter_cancel[tcp]" time="0.029" /><testcase classname="gfootball.frame_sync.test_match_finish_boundary" name="test_shared_finish_survives_waiter_cancel[udp]" time="0.066" /><testcase classname="gfootball.frame_sync.test_match_finish_boundary" name="test_pending_finish_settles_on_shutdown[tcp]" time="0.017" /><testcase classname="gfootball.frame_sync.test_match_finish_boundary" name="test_pending_finish_settles_on_shutdown[udp]" time="0.045" /><testcase classname="gfootball.frame_sync.test_match_finish_boundary" name="test_pending_finish_settles_on_engine_failure[tcp]" time="0.026" /><testcase classname="gfootball.frame_sync.test_match_finish_boundary" name="test_pending_finish_settles_on_engine_failure[udp]" time="0.060" /><testcase classname="gfootball.frame_sync.test_match_finish_boundary" name="test_pending_finish_settles_on_final_digest_failure[tcp]" time="0.025" /><testcase classname="gfootball.frame_sync.test_match_finish_boundary" name="test_pending_finish_settles_on_final_digest_failure[udp]" time="0.059" /><testcase classname="gfootball.frame_sync.test_match_identity.MatchIdentityTest" name="test_each_identity_component_rejects_before_restoring_saved_engine" time="0.006" /><testcase classname="gfootball.frame_sync.test_match_identity.MatchIdentityTest" name="test_identity_copy_cannot_relabel_an_existing_checkpoint" time="0.000" /><testcase classname="gfootball.frame_sync.test_match_identity.MatchIdentityTest" name="test_legacy_replay_rejected_before_factory" time="0.017" /><testcase classname="gfootball.frame_sync.test_match_identity.MatchIdentityTest" name="test_legacy_save_never_constructs_engine_and_is_preserved" time="0.001" /><testcase classname="gfootball.frame_sync.test_match_identity.MatchIdentityTest" name="test_malformed_metadata_rejected_before_base64_allocation" time="0.001" /><testcase classname="gfootball.frame_sync.test_match_identity.MatchIdentityTest" name="test_missing_identity_provider_is_rejected_before_snapshot_capture" time="0.000" /><testcase classname="gfootball.frame_sync.test_match_identity.MatchIdentityTest" name="test_recorder_identity_drift_aborts_publication_and_closes_owners" time="0.028" /><testcase classname="gfootball.frame_sync.test_match_identity.MatchIdentityTest" name="test_replica_identity_mismatch_does_not_restore_or_leak_authority" time="0.002" /><testcase classname="gfootball.frame_sync.test_match_identity.MatchIdentityTest" name="test_valid_replay_with_incompatible_origin_rejects_before_set_state" time="0.037" /><testcase classname="gfootball.frame_sync.test_match_identity.FingerprintFilesTest" name="test_adapter_checks_initial_files_config_and_owner" time="0.001" /><testcase classname="gfootball.frame_sync.test_match_identity.FingerprintFilesTest" name="test_content_path_and_add_remove_changes_are_detected" time="0.001" /><testcase classname="gfootball.frame_sync.test_match_identity.FingerprintFilesTest" name="test_explicit_font_is_hashed_while_only_its_unused_fallback_is_excluded" time="0.001" /><testcase classname="gfootball.frame_sync.test_match_identity.FingerprintFilesTest" name="test_file_changed_during_read_is_rejected_and_descriptor_closed" time="0.001" /><testcase classname="gfootball.frame_sync.test_match_identity.FingerprintFilesTest" name="test_file_entry_and_total_limits_prevent_hash_reads" time="0.001" /><testcase classname="gfootball.frame_sync.test_match_identity.FingerprintFilesTest" name="test_large_file_uses_bounded_stream_reads" time="0.000" /><testcase classname="gfootball.frame_sync.test_match_identity.FingerprintFilesTest" name="test_nested_symlink_cannot_escape_resource_tree" time="0.001" /><testcase classname="gfootball.frame_sync.test_match_identity.FingerprintFilesTest" name="test_new_file_during_capture_is_rejected" time="0.000" /><testcase classname="gfootball.frame_sync.test_match_identity.FingerprintFilesTest" name="test_python_tree_ignores_bytecode_and_hashes_source" time="0.000" /><testcase classname="gfootball.frame_sync.test_match_identity.FingerprintFilesTest" name="test_relocated_identical_tree_has_same_digest" time="0.001" /><testcase classname="gfootball.frame_sync.test_match_identity.NativeMappingParserTest" name="test_binding_core_and_optional_shared_libraries_with_space_in_path" time="0.000" /><testcase classname="gfootball.frame_sync.test_match_identity.NativeMappingParserTest" name="test_deleted_or_escaped_paths_are_rejected" time="0.000" /><testcase classname="gfootball.frame_sync.test_match_identity.NativeMappingParserTest" name="test_malformed_device_inode_and_oversized_records_are_rejected" time="0.000" /><testcase classname="gfootball.frame_sync.test_match_identity.NativeMappingParserTest" name="test_unrelated_mappings_do_not_change_engine_identity" time="0.000" /><testcase classname="gfootball.frame_sync.test_match_lifecycle.MatchLifecycleTest" name="test_completion_capability_is_explicit_and_validated" time="0.000" /><testcase classname="gfootball.frame_sync.test_match_lifecycle.MatchLifecycleTest" name="test_configuration_changes_and_foreign_thread_fail_explicitly" time="0.001" /><testcase classname="gfootball.frame_sync.test_match_lifecycle.MatchLifecycleTest" name="test_corrected_earlier_terminal_discards_later_predictions" time="0.001" /><testcase classname="gfootball.frame_sync.test_match_lifecycle.MatchLifecycleTest" name="test_different_rules_cannot_restore_even_a_valid_snapshot" time="0.000" /><testcase classname="gfootball.frame_sync.test_match_lifecycle.MatchLifecycleTest" name="test_disabled_rules_do_not_finish_on_score_mode_or_possession" time="0.000" /><testcase classname="gfootball.frame_sync.test_match_lifecycle.MatchLifecycleTest" name="test_duration_uses_engine_play_clock_and_stops_before_an_extra_step" time="0.000" /><testcase classname="gfootball.frame_sync.test_match_lifecycle.MatchLifecycleTest" name="test_explicit_finish_and_supported_match_step_contract" time="0.000" /><testcase classname="gfootball.frame_sync.test_match_lifecycle.MatchLifecycleTest" name="test_failed_restore_and_failed_recovery_close_resource" time="0.000" /><testcase classname="gfootball.frame_sync.test_match_lifecycle.MatchLifecycleTest" name="test_header_and_body_corruption_rejected_before_engine_restore" time="0.000" /><testcase classname="gfootball.frame_sync.test_match_lifecycle.MatchLifecycleTest" name="test_loose_ball_retains_previous_possession_across_snapshot" time="0.000" /><testcase classname="gfootball.frame_sync.test_match_lifecycle.MatchLifecycleTest" name="test_native_prematch_clock_and_first_set_piece_are_valid_origins" time="0.000" /><testcase classname="gfootball.frame_sync.test_match_lifecycle.MatchLifecycleTest" name="test_native_terminal_signal_is_preserved_without_double_finish" time="0.000" /><testcase classname="gfootball.frame_sync.test_match_lifecycle.MatchLifecycleTest" name="test_out_of_play_requires_a_transition_from_normal" time="0.000" /><testcase classname="gfootball.frame_sync.test_match_lifecycle.MatchLifecycleTest" name="test_prediction_of_false_terminal_can_be_corrected_and_continue" time="0.000" /><testcase classname="gfootball.frame_sync.test_match_lifecycle.MatchLifecycleTest" name="test_rechecksummed_native_terminal_mismatch_rolls_back_atomically" time="0.000" /><testcase classname="gfootball.frame_sync.test_match_lifecycle.MatchLifecycleTest" name="test_score_rule_finishes_the_scoring_frame" time="0.000" /><testcase classname="gfootball.frame_sync.test_match_lifecycle.MatchLifecycleTest" name="test_snapshot_limit_includes_lifecycle_header" time="0.001" /><testcase classname="gfootball.frame_sync.test_match_lifecycle.MatchLifecycleTest" name="test_terminal_snapshot_restores_terminal_and_running_states" time="0.000" /><testcase classname="gfootball.frame_sync.test_match_lifecycle.MatchCompletionIntegrationTest" name="test_input_failure_survives_secondary_local_cleanup_error" time="0.017" /><testcase classname="gfootball.frame_sync.test_match_lifecycle.MatchCompletionIntegrationTest" name="test_local_natural_end_record_checkpoint_and_completed_restore" time="0.093" /><testcase classname="gfootball.frame_sync.test_match_lifecycle.MatchCompletionIntegrationTest" name="test_natural_udp_end_survives_lost_end_ack_and_transport_receipt" time="1.293" /><testcase classname="gfootball.frame_sync.test_match_lifecycle.MatchCompletionIntegrationTest" name="test_public_tcp_server_loop_closes_after_natural_end" time="0.108" /><testcase classname="gfootball.frame_sync.test_match_lifecycle.MatchCompletionIntegrationTest" name="test_public_udp_server_loop_drains_and_closes_after_natural_end" time="1.335" /><testcase classname="gfootball.frame_sync.test_match_lifecycle.MatchCompletionIntegrationTest" name="test_saved_running_match_preserves_remaining_duration" time="0.096" /><testcase classname="gfootball.frame_sync.test_match_lifecycle.MatchCompletionIntegrationTest" name="test_tcp_natural_end_delivers_final_authority_ack_and_files" time="0.053" /><testcase classname="gfootball.frame_sync.test_match_lifecycle.MatchCompletionIntegrationTest" name="test_terminal_callback_failure_keeps_previous_replay_and_closes_owners" time="0.069" /><testcase classname="gfootball.frame_sync.test_match_lifecycle.MatchCompletionIntegrationTest" name="test_udp_natural_end_delivers_final_authority_ack_and_files" time="1.117" /><testcase classname="gfootball.frame_sync.test_match_native.MatchNativeTest" name="test_actual_native_identity_includes_loaded_core_and_configuration" time="0.258" /><testcase classname="gfootball.frame_sync.test_match_native.MatchNativeTest" name="test_gameenv_local_save_continue_and_two_native_replays" time="2.093" /><testcase classname="gfootball.frame_sync.test_match_native.MatchNativeTest" name="test_scenario_builder_mutates_native_teams_and_preserves_sequence_assignment" time="0.022" /><testcase classname="gfootball.frame_sync.test_match_pause_network.MatchControlBufferTest" name="test_authority_after_pause_and_wrong_boundary_fail_before_buffering" time="0.002" /><testcase classname="gfootball.frame_sync.test_match_pause_network.MatchControlBufferTest" name="test_commit_and_repause_are_retained_in_order_with_two_record_limit" time="0.001" /><testcase classname="gfootball.frame_sync.test_match_pause_network.MatchControlBufferTest" name="test_duplicate_commit_after_later_authority_is_idempotent" time="0.001" /><testcase classname="gfootball.frame_sync.test_match_pause_network.MatchControlBufferTest" name="test_fragmented_control_is_not_exposed_before_its_hash_arrives" time="0.001" /><testcase classname="gfootball.frame_sync.test_match_pause_network.MatchControlBufferTest" name="test_hash_beyond_frozen_boundary_rejects_and_refunds_control_queue" time="0.001" /><testcase classname="gfootball.frame_sync.test_match_pause_network.MatchControlBufferTest" name="test_ready_carries_epoch_and_rejects_old_v5_bytes" time="0.001" /><testcase classname="gfootball.frame_sync.test_match_pause_network.MatchPauseNetworkTest" name="test_both_transports_pause_rewind_release_held_controls_and_resume_same_frame" time="0.289" /><testcase classname="gfootball.frame_sync.test_match_pause_network.MatchPauseNetworkTest" name="test_control_request_during_collection_finishes_exactly_the_in_progress_frame" time="0.111" /><testcase classname="gfootball.frame_sync.test_match_pause_network.MatchPauseNetworkTest" name="test_duplicate_ack_does_not_release_a_newer_barrier" time="0.191" /><testcase classname="gfootball.frame_sync.test_match_pause_network.MatchPauseNetworkTest" name="test_end_supersedes_unconsumed_pause_ack_deadline" time="0.904" /><testcase classname="gfootball.frame_sync.test_match_pause_network.MatchPauseNetworkTest" name="test_finish_while_paused_delivers_same_digest_and_terminal_ack" time="0.127" /><testcase classname="gfootball.frame_sync.test_match_pause_network.MatchPauseNetworkTest" name="test_host_pause_save_resume_and_recording_replay_use_exact_authority" time="1.200" /><testcase classname="gfootball.frame_sync.test_match_pause_network.MatchPauseNetworkTest" name="test_invalid_old_epoch_values_future_epoch_and_legacy_inputs_cannot_mutate_authority" time="4.181" /><testcase classname="gfootball.frame_sync.test_match_pause_network.MatchPauseNetworkTest" name="test_io_close_during_control_read_or_ack_enters_automatic_recovery" time="10.315" /><testcase classname="gfootball.frame_sync.test_match_pause_network.MatchPauseNetworkTest" name="test_old_epoch_input_is_ignored_after_resume_even_if_frame_number_reused" time="0.166" /><testcase classname="gfootball.frame_sync.test_match_pause_network.MatchPauseNetworkTest" name="test_pause_before_first_frame_still_processes_controls_without_lobby_prediction" time="0.159" /><testcase classname="gfootball.frame_sync.test_match_pause_network.MatchPauseNetworkTest" name="test_public_server_loop_stops_physics_while_paused_and_exits_after_end" time="2.511" /><testcase classname="gfootball.frame_sync.test_match_pause_network.MatchPauseNetworkTest" name="test_reconnect_restores_paused_origin_and_waits_for_resume_commit" time="5.260" /><testcase classname="gfootball.frame_sync.test_match_pause_network.MatchPauseNetworkTest" name="test_repause_during_resume_preparation_consumes_commit_and_remains_frozen" time="0.742" /><testcase classname="gfootball.frame_sync.test_match_pause_network.MatchPauseNetworkTest" name="test_resume_waits_for_each_online_peer_and_heartbeat_cannot_extend_ack_deadline" time="0.725" /><testcase classname="gfootball.frame_sync.test_match_pause_network.MatchPauseNetworkTest" name="test_stale_snapshot_ready_cannot_hand_back_but_same_capability_can_retry" time="2.766" /><testcase classname="gfootball.frame_sync.test_match_pause_network.MatchPauseNetworkTest" name="test_targeted_udp_control_ack_and_receipt_loss_preserves_barriers" time="0.400" /><testcase classname="gfootball.frame_sync.test_match_pause_ui.PauseCommandTest" name="test_focus_loss_close_and_invalid_selection_preserve_atomicity" time="0.000" /><testcase classname="gfootball.frame_sync.test_match_pause_ui.PauseCommandTest" name="test_many_unconsumed_toggles_keep_only_final_intent" time="0.003" /><testcase classname="gfootball.frame_sync.test_match_pause_ui.PauseCommandTest" name="test_pause_commands_survive_suspension_and_do_not_block_release" time="0.000" /><testcase classname="gfootball.frame_sync.test_match_pause_ui.PauseCommandTest" name="test_same_phase_reconnect_discards_taps_and_requires_neutral_observation" time="0.000" /><testcase classname="gfootball.frame_sync.test_match_pause_ui.PauseCommandTest" name="test_tap_held_key_and_guide_produce_one_command_without_action" time="0.000" /><testcase classname="gfootball.frame_sync.test_match_pause_ui.PauseCommandTest" name="test_terminal_pause_clears_persistent_direction_and_keeps_save_quit" time="0.001" /><testcase classname="gfootball.frame_sync.test_match_pause_ui.LocalPauseTest" name="test_authority_and_replica_freeze_before_first_frame_without_sampling" time="0.019" /><testcase classname="gfootball.frame_sync.test_match_pause_ui.LocalPauseTest" name="test_callback_failure_closes_resources_and_preserves_prior_recording" time="0.020" /><testcase classname="gfootball.frame_sync.test_match_pause_ui.LocalPauseTest" name="test_divergent_replica_cannot_acknowledge_local_pause" time="0.018" /><testcase classname="gfootball.frame_sync.test_match_pause_ui.LocalPauseTest" name="test_duplicate_request_and_invalid_thread_types_or_reentry_are_bounded" time="0.021" /><testcase classname="gfootball.frame_sync.test_match_pause_ui.LocalPauseTest" name="test_each_authoritative_hash_is_verified_and_refunded_with_one_hash_capacity" time="0.728" /><testcase classname="gfootball.frame_sync.test_match_pause_ui.LocalPauseTest" name="test_fragmented_hash_arrives_after_authority_without_leaking" time="0.082" /><testcase classname="gfootball.frame_sync.test_match_pause_ui.LocalPauseTest" name="test_pause_request_does_not_disable_missing_participant_deadline" time="0.119" /><testcase classname="gfootball.frame_sync.test_match_pause_ui.LocalPauseTest" name="test_paused_save_resume_release_and_recording_replay" time="0.077" /><testcase classname="gfootball.frame_sync.test_match_pause_ui.LocalPauseTest" name="test_ready_host_can_remain_paused_before_frame_zero_past_lobby_deadline" time="1.366" /><testcase classname="gfootball.frame_sync.test_match_pause_ui.LocalPauseTest" name="test_real_heartbeat_keeps_paused_local_transport_alive" time="3.235" /><testcase classname="gfootball.frame_sync.test_match_pause_ui.LocalPauseTest" name="test_request_during_sampling_finishes_exactly_one_authority_frame" time="0.027" /><testcase classname="gfootball.frame_sync.test_match_pause_ui.LocalPauseTest" name="test_run_processes_save_and_quit_while_paused_without_using_frame_limit" time="0.024" /><testcase classname="gfootball.frame_sync.test_match_pause_ui.LocalPauseTest" name="test_wrong_hash_frame_or_value_fails_before_recording_publication" time="0.056" /><testcase classname="gfootball.frame_sync.test_match_pause_ui.GraphicalPauseTest" name="test_hud_failure_closes_all_owners_and_preserves_recording" time="0.038" /><testcase classname="gfootball.frame_sync.test_match_pause_ui.GraphicalPauseTest" name="test_local_ui_pause_save_release_resume_and_natural_finish" time="0.357" /><testcase classname="gfootball.frame_sync.test_match_pause_ui.GraphicalPauseTest" name="test_tcp_host_ui_pause_save_release_resume_and_natural_finish" time="0.416" /><testcase classname="gfootball.frame_sync.test_match_pause_ui.GraphicalPauseTest" name="test_tcp_join_shows_host_pause_and_cannot_resume_authority" time="0.407" /><testcase classname="gfootball.frame_sync.test_match_pause_ui.GraphicalPauseTest" name="test_udp_host_ui_pause_save_release_resume_and_natural_finish" time="1.441" /><testcase classname="gfootball.frame_sync.test_match_pause_ui.GraphicalPauseTest" name="test_udp_join_shows_host_pause_and_cannot_resume_authority" time="1.508" /><testcase classname="gfootball.frame_sync.test_menu_options.MenuOptionsTest" name="test_corrupt_settings_are_not_silently_replaced" time="0.001" /><testcase classname="gfootball.frame_sync.test_menu_options.MenuOptionsTest" name="test_defaults_do_not_create_files_and_roundtrip_in_fresh_process" time="0.074" /><testcase classname="gfootball.frame_sync.test_menu_options.MenuOptionsTest" name="test_failed_publication_preserves_previous_settings" time="0.003" /><testcase classname="gfootball.frame_sync.test_menu_options.MenuOptionsTest" name="test_host_menu_runs_actual_host_and_uses_preference_defaults" time="0.065" /><testcase classname="gfootball.frame_sync.test_menu_options.MenuOptionsTest" name="test_invalid_values_cannot_replace_previous_settings" time="0.001" /><testcase classname="gfootball.frame_sync.test_menu_options.MenuOptionsTest" name="test_join_menu_plays_against_actual_host_until_end_notification" time="0.073" /><testcase classname="gfootball.frame_sync.test_menu_options.MenuOptionsTest" name="test_main_reports_action_failure_and_restores_settings_scope" time="0.001" /><testcase classname="gfootball.frame_sync.test_menu_options.MenuOptionsTest" name="test_saved_defaults_drive_actual_continuation_and_replay_menus" time="0.080" /><testcase classname="gfootball.frame_sync.test_menu_options.MenuOptionsTest" name="test_settings_menu_persists_real_values_and_clears_optional_paths" time="0.002" /><testcase classname="gfootball.frame_sync.test_multiplayer.MatchBootstrapTest" name="test_corrupt_payload_and_mismatching_session_rejected" time="0.000" /><testcase classname="gfootball.frame_sync.test_multiplayer.MatchBootstrapTest" name="test_end_is_ordered_uses_full_hash_and_forbids_later_authority" time="0.000" /><testcase classname="gfootball.frame_sync.test_multiplayer.MatchBootstrapTest" name="test_end_without_all_authority_and_duplicate_end_rejected" time="0.000" /><testcase classname="gfootball.frame_sync.test_multiplayer.MatchBootstrapTest" name="test_first_match_cannot_start_at_nonzero_frame" time="0.000" /><testcase classname="gfootball.frame_sync.test_multiplayer.MatchBootstrapTest" name="test_malformed_duplicate_nested_or_noninteger_metadata_rejected" time="0.001" /><testcase classname="gfootball.frame_sync.test_multiplayer.MatchBootstrapTest" name="test_maximum_native_snapshot_bootstraps_incrementally_before_ready" time="0.005" /><testcase classname="gfootball.frame_sync.test_multiplayer.MatchBootstrapTest" name="test_oversized_snapshot_header_is_rejected_without_retained_body" time="0.001" /><testcase classname="gfootball.frame_sync.test_multiplayer.MatchBootstrapTest" name="test_resume_requires_explicit_version_and_valid_capability" time="0.000" /><testcase classname="gfootball.frame_sync.test_multiplayer.MultiplayerTest" name="test_actual_host_join_end_ack_record_save_and_playback" time="0.063" /><testcase classname="gfootball.frame_sync.test_multiplayer.MultiplayerTest" name="test_authority_engine_failure_preserves_error_and_aborts_recording" time="0.017" /><testcase classname="gfootball.frame_sync.test_multiplayer.MultiplayerTest" name="test_callback_cannot_close_engine_during_its_input_sample" time="0.007" /><testcase classname="gfootball.frame_sync.test_multiplayer.MultiplayerTest" name="test_finish_rolls_back_speculation_and_verifies_terminal_hash" time="0.051" /><testcase classname="gfootball.frame_sync.test_multiplayer.MultiplayerTest" name="test_half_open_extra_socket_does_not_hold_ready_match" time="0.022" /><testcase classname="gfootball.frame_sync.test_multiplayer.MultiplayerTest" name="test_host_waits_for_every_participant_without_predicting_lobby" time="0.038" /><testcase classname="gfootball.frame_sync.test_multiplayer.MultiplayerTest" name="test_initial_identity_mismatch_closes_without_any_restore" time="0.008" /><testcase classname="gfootball.frame_sync.test_multiplayer.MultiplayerTest" name="test_initial_snapshot_budget_failure_closes_native_factory_result" time="0.001" /><testcase classname="gfootball.frame_sync.test_multiplayer.MultiplayerTest" name="test_invalid_input_reentrant_tick_and_foreign_owner_rejected" time="0.006" /><testcase classname="gfootball.frame_sync.test_multiplayer.MultiplayerTest" name="test_legacy_clients_cannot_enter_match_v5" time="0.013" /><testcase classname="gfootball.frame_sync.test_multiplayer.MultiplayerTest" name="test_lobby_cancel_ends_zero_frame_match_without_predicting" time="0.018" /><testcase classname="gfootball.frame_sync.test_multiplayer.MultiplayerTest" name="test_lobby_timeout_closes_all_owners_and_preserves_previous_recording" time="0.029" /><testcase classname="gfootball.frame_sync.test_multiplayer.MultiplayerTest" name="test_malformed_wire_origin_is_rejected_before_client_engine_factory" time="0.008" /><testcase classname="gfootball.frame_sync.test_multiplayer.MultiplayerTest" name="test_match_client_cannot_silently_enter_legacy_server" time="0.006" /><testcase classname="gfootball.frame_sync.test_multiplayer.MultiplayerTest" name="test_public_server_loop_can_finish_while_waiting_in_empty_lobby" time="0.011" /><testcase classname="gfootball.frame_sync.test_multiplayer.MultiplayerTest" name="test_public_server_loop_waits_for_slots_and_finishes_after_acknowledgements" time="0.086" /><testcase classname="gfootball.frame_sync.test_multiplayer.MultiplayerTest" name="test_ready_lobby_player_recovers_without_starting_or_losing_slot" time="0.056" /><testcase classname="gfootball.frame_sync.test_multiplayer.MultiplayerTest" name="test_recording_export_failure_still_closes_host_and_replica" time="0.044" /><testcase classname="gfootball.frame_sync.test_multiplayer.MultiplayerTest" name="test_resume_identity_mismatch_never_deserializes_and_closes_player" time="0.029" /><testcase classname="gfootball.frame_sync.test_multiplayer.MultiplayerTest" name="test_running_match_recovers_original_session_and_handback" time="0.064" /><testcase classname="gfootball.frame_sync.test_multiplayer.MultiplayerTest" name="test_terminal_hash_mismatch_closes_player_after_reconciliation" time="0.028" /><testcase classname="gfootball.frame_sync.test_multiplayer_native.NativeMultiplayerTest" name="test_gameenv_host_join_authority_end_and_native_recording" time="1.229" /><testcase classname="gfootball.frame_sync.test_multiplayer_udp.MultiplayerUDPTest" name="test_explicit_v4_and_legacy_udp_reject_each_other" time="0.476" /><testcase classname="gfootball.frame_sync.test_multiplayer_udp.MultiplayerUDPTest" name="test_final_data_and_delivery_ack_loss_are_retried_before_close" time="1.225" /><testcase classname="gfootball.frame_sync.test_multiplayer_udp.MultiplayerUDPTest" name="test_invalid_transport_or_limits_fail_before_engine_creation" time="0.000" /><testcase classname="gfootball.frame_sync.test_multiplayer_udp.MultiplayerUDPTest" name="test_invalid_wire_origin_fails_before_player_factory" time="0.056" /><testcase classname="gfootball.frame_sync.test_multiplayer_udp.MultiplayerUDPTest" name="test_maximum_origin_and_frames_survive_loss_duplicate_reordering" time="2.271" /><testcase classname="gfootball.frame_sync.test_multiplayer_udp.MultiplayerUDPTest" name="test_owned_run_loops_write_actual_save_record_and_verified_playback" time="1.186" /><testcase classname="gfootball.frame_sync.test_multiplayer_udp.MultiplayerUDPTest" name="test_public_udp_server_loop_waits_then_finishes_and_closes_all_owners" time="2.136" /><testcase classname="gfootball.frame_sync.test_multiplayer_udp.MultiplayerUDPTest" name="test_ready_barrier_lobby_does_not_predict_and_final_prediction_is_undone" time="1.135" /><testcase classname="gfootball.frame_sync.test_multiplayer_udp.MultiplayerUDPTest" name="test_ready_lobby_client_only_loss_recovers_original_slot_without_advance" time="1.531" /><testcase classname="gfootball.frame_sync.test_multiplayer_udp.MultiplayerUDPTest" name="test_resume_resource_mismatch_does_not_restore_old_replica" time="0.458" /><testcase classname="gfootball.frame_sync.test_multiplayer_udp.MultiplayerUDPTest" name="test_running_client_only_loss_recovers_original_token_engine_and_new_epoch" time="1.536" /><testcase classname="gfootball.frame_sync.test_multiplayer_udp.MultiplayerUDPTest" name="test_small_client_receive_budget_streams_large_origin" time="1.102" /><testcase classname="gfootball.frame_sync.test_multiplayer_udp.MultiplayerUDPTest" name="test_udp_menu_host_and_join_select_real_transport_and_restore_scope" time="2.216" /><testcase classname="gfootball.frame_sync.test_multiplayer_udp.MultiplayerUDPTest" name="test_unacknowledged_final_data_reports_bounded_timeout" time="0.185" /><testcase classname="gfootball.frame_sync.test_multiplayer_udp.MultiplayerUDPTest" name="test_wrong_origin_identity_never_reaches_native_restore" time="0.071" /><testcase classname="gfootball.frame_sync.test_multiplayer_udp_native.NativeMultiplayerUDPTest" name="test_gameenv_host_join_authority_end_and_native_recording" time="2.356" /><testcase classname="gfootball.frame_sync.test_owned_match.OwnedMatchTest" name="test_local_save_continuation_and_playback_refund_every_lease" time="0.083" /><testcase classname="gfootball.frame_sync.test_owned_match.OwnedMatchTest" name="test_replica_capacity_failure_closes_authority_without_replacing_record" time="0.006" /><testcase classname="gfootball.frame_sync.test_owned_match.OwnedMatchTest" name="test_running_failure_releases_both_leases_and_preserves_old_file" time="0.025" /><testcase classname="gfootball.frame_sync.test_owned_match.OwnedMatchTest" name="test_tcp_host_join_end_and_recording_share_live_engine_budget" time="0.062" /><testcase classname="gfootball.frame_sync.test_owned_match.OwnedMatchTest" name="test_udp_host_join_end_and_recording_share_live_engine_budget" time="1.143" /><testcase classname="gfootball.frame_sync.test_pacing_runtime.PacingRuntimeTest" name="test_logic_scheduler_failure_releases_loop_lock_and_retained_inputs" time="0.001" /><testcase classname="gfootball.frame_sync.test_pacing_runtime.PacingRuntimeTest" name="test_presentation_scheduler_failure_releases_loop_lock_without_owning_display" time="0.000" /><testcase classname="gfootball.frame_sync.test_pacing_runtime.PacingRuntimeTest" name="test_quit_during_deadline_wait_saves_without_an_extra_simulation_frame" time="0.028" /><testcase classname="gfootball.frame_sync.test_pacing_runtime.PacingRuntimeTest" name="test_scheduler_construction_failure_closes_started_match" time="0.018" /><testcase classname="gfootball.frame_sync.test_pacing_runtime.PacingRuntimeTest" name="test_slow_frame_preserves_sequential_authority_inputs_and_replay" time="0.063" /><testcase classname="gfootball.frame_sync.test_pacing_runtime.PacingRuntimeTest" name="test_wait_failure_preserves_previous_recording_and_closes_both_owners" time="0.027" /><testcase classname="gfootball.frame_sync.test_presentation_budget.HolderBudgetTest" name="test_bad_clock_does_not_replace_good_publication" time="0.000" /><testcase classname="gfootball.frame_sync.test_presentation_budget.HolderBudgetTest" name="test_byte_eviction_uses_actual_object_size_not_serialized_length" time="0.000" /><testcase classname="gfootball.frame_sync.test_presentation_budget.HolderBudgetTest" name="test_count_eviction_clear_refill_and_close_release_records" time="0.002" /><testcase classname="gfootball.frame_sync.test_presentation_budget.HolderBudgetTest" name="test_frame_and_flag_validation_preserves_previous_session" time="0.000" /><testcase classname="gfootball.frame_sync.test_presentation_budget.HolderBudgetTest" name="test_immutable_atomic_sample_and_legacy_tuple_contract" time="0.000" /><testcase classname="gfootball.frame_sync.test_presentation_budget.HolderBudgetTest" name="test_invalid_limits_rejected_before_any_storage" time="0.001" /><testcase classname="gfootball.frame_sync.test_presentation_budget.HolderBudgetTest" name="test_large_or_mutable_state_rejection_preserves_latest_sample" time="0.000" /><testcase classname="gfootball.frame_sync.test_presentation_budget.HolderBudgetTest" name="test_metadata_timestamp_is_preserved_but_write_clock_cannot_regress" time="0.000" /><testcase classname="gfootball.frame_sync.test_presentation_budget.HolderBudgetTest" name="test_metadata_update_reuses_payload_revision_and_replaces_one_record" time="0.000" /><testcase classname="gfootball.frame_sync.test_presentation_budget.HolderBudgetTest" name="test_one_writer_and_three_readers_observe_coherent_bounded_state" time="0.014" /><testcase classname="gfootball.frame_sync.test_presentation_budget.HolderBudgetTest" name="test_phase_uses_latest_publication_monotonic_time_and_never_blends_payload" time="0.000" /><testcase classname="gfootball.frame_sync.test_presentation_budget.HolderBudgetTest" name="test_public_sample_rejects_mutable_oversized_or_inconsistent_values" time="0.001" /><testcase classname="gfootball.frame_sync.test_presentation_budget.HolderBudgetTest" name="test_revision_exhaustion_rejects_without_reusing_identity" time="0.000" /><testcase classname="gfootball.frame_sync.test_presentation_budget.HolderBudgetTest" name="test_same_frame_correction_rewind_and_explicit_cut_drop_stale_history" time="0.000" /><testcase classname="gfootball.frame_sync.test_presentation_budget.RenderBudgetTest" name="test_bad_or_regressing_clock_stops_before_engine_work" time="0.000" /><testcase classname="gfootball.frame_sync.test_presentation_budget.RenderBudgetTest" name="test_clear_suppresses_stale_draw_and_same_payload_new_session_restores" time="0.000" /><testcase classname="gfootball.frame_sync.test_presentation_budget.RenderBudgetTest" name="test_frame_and_loop_reentry_fail_without_deadlock" time="0.000" /><testcase classname="gfootball.frame_sync.test_presentation_budget.RenderBudgetTest" name="test_invalid_configuration_and_missing_atomic_interface_rejected" time="0.000" /><testcase classname="gfootball.frame_sync.test_presentation_budget.RenderBudgetTest" name="test_jitter_zero_origin_bounded_samples_and_nearest_rank_percentile" time="0.000" /><testcase classname="gfootball.frame_sync.test_presentation_budget.RenderBudgetTest" name="test_new_payload_same_frame_restores_but_metadata_only_update_does_not" time="0.000" /><testcase classname="gfootball.frame_sync.test_presentation_budget.RenderBudgetTest" name="test_one_atomic_sample_per_frame_no_split_read_and_no_holder_lock_around_engine" time="0.000" /><testcase classname="gfootball.frame_sync.test_presentation_budget.RenderBudgetTest" name="test_restore_and_render_failure_stop_without_repeating_engine_calls" time="0.000" /><testcase classname="gfootball.frame_sync.test_presentation_budget.RenderBudgetTest" name="test_same_state_draws_600_times_with_only_one_restore_a
[...]
e_private_loop" time="0.041" /><testcase classname="gfootball.frame_sync.test_server_budget.SyncServerTest" name="test_twenty_two_real_clients_share_one_bounded_future_window" time="0.205" /><testcase classname="gfootball.frame_sync.test_server_budget.AsyncServerTest" name="test_actual_async_client_preserves_server_first_handshake_and_future_input" time="0.030" /><testcase classname="gfootball.frame_sync.test_server_budget.AsyncServerTest" name="test_cancel_frame_wait_closes_tasks_and_native_owner_contract" time="0.014" /><testcase classname="gfootball.frame_sync.test_server_budget.AsyncServerTest" name="test_cancelled_close_waiter_does_not_cancel_socket_cleanup" time="0.019" /><testcase classname="gfootball.frame_sync.test_server_budget.AsyncServerTest" name="test_concurrent_frame_work_is_rejected_and_original_can_finish" time="0.015" /><testcase classname="gfootball.frame_sync.test_server_budget.AsyncServerTest" name="test_idle_actual_async_client_keeps_waiting_session_alive" time="0.670" /><testcase classname="gfootball.frame_sync.test_server_budget.AsyncServerTest" name="test_initialized_engine_cannot_move_to_a_foreign_event_loop_thread" time="0.005" /><testcase classname="gfootball.frame_sync.test_server_budget.AsyncServerTest" name="test_stop_rejects_immediate_frame_before_cleanup_gets_a_tick" time="0.021" /><testcase classname="gfootball.frame_sync.test_server_native.ServerNativeTest" name="test_real_engine_authority_and_canonical_hash_match_independent_replica" time="0.562" /><testcase classname="gfootball.frame_sync.test_server_native.ServerNativeTest" name="test_real_resume_snapshot_restores_replica_before_handback_and_hash_checks" time="0.322" /><testcase classname="gfootball.frame_sync.test_tcp_client_budget.BufferBudgetTest" name="test_byte_budget_counts_python_bytes_allocation" time="0.000" /><testcase classname="gfootball.frame_sync.test_tcp_client_budget.BufferBudgetTest" name="test_complete_controls_preserve_following_authority_alignment" time="0.000" /><testcase classname="gfootball.frame_sync.test_tcp_client_budget.BufferBudgetTest" name="test_hash_budget_deduplicates_but_never_overwrites_conflicts" time="0.000" /><testcase classname="gfootball.frame_sync.test_tcp_client_budget.BufferBudgetTest" name="test_invalid_configuration_precedes_socket_creation" time="0.002" /><testcase classname="gfootball.frame_sync.test_tcp_client_budget.BufferBudgetTest" name="test_payload_capacity_fills_rejects_releases_and_refills" time="0.000" /><testcase classname="gfootball.frame_sync.test_tcp_client_budget.BufferBudgetTest" name="test_receive_budget_and_invalid_headers_reject_before_large_decode" time="0.001" /><testcase classname="gfootball.frame_sync.test_tcp_client_budget.BufferBudgetTest" name="test_timestamp_eviction_is_bounded_diagnostics_and_rtt_uses_monotonic_time" time="0.001" /><testcase classname="gfootball.frame_sync.test_tcp_client_budget.TCPClientBudgetTest" name="test_actual_slow_reader_expires_write_without_unbounded_queue" time="0.121" /><testcase classname="gfootball.frame_sync.test_tcp_client_budget.TCPClientBudgetTest" name="test_both_explicit_handshakes_initialize_before_ready_and_preserve_real_frames" time="0.039" /><testcase classname="gfootball.frame_sync.test_tcp_client_budget.TCPClientBudgetTest" name="test_close_interrupts_in_progress_handshake_without_waiting_for_its_deadline" time="0.006" /><testcase classname="gfootball.frame_sync.test_tcp_client_budget.TCPClientBudgetTest" name="test_eof_and_malformed_authority_fail_without_logic_ticks" time="0.057" /><testcase classname="gfootball.frame_sync.test_tcp_client_budget.TCPClientBudgetTest" name="test_fragmented_handshake_waits_for_both_complete_packets" time="0.138" /><testcase classname="gfootball.frame_sync.test_tcp_client_budget.TCPClientBudgetTest" name="test_hash_check_preserves_other_frames_and_stops_on_mismatch" time="0.013" /><testcase classname="gfootball.frame_sync.test_tcp_client_budget.TCPClientBudgetTest" name="test_input_callback_can_close_and_invalid_generator_is_bounded" time="0.045" /><testcase classname="gfootball.frame_sync.test_tcp_client_budget.TCPClientBudgetTest" name="test_logic_stops_before_snapshot_or_prediction_after_actual_transport_failure" time="0.022" /><testcase classname="gfootball.frame_sync.test_tcp_client_budget.TCPClientBudgetTest" name="test_partial_handshake_timeout_closes_and_joins" time="0.069" /><testcase classname="gfootball.frame_sync.test_tcp_client_budget.TCPClientBudgetTest" name="test_partial_stream_drip_does_not_keep_connection_alive" time="0.092" /><testcase classname="gfootball.frame_sync.test_tcp_client_budget.TCPClientBudgetTest" name="test_pending_send_budget_applies_before_worker_dispatch" time="0.013" /><testcase classname="gfootball.frame_sync.test_tcp_client_budget.TCPClientBudgetTest" name="test_repeated_connect_joins_previous_worker_and_clears_all_history" time="0.169" /><testcase classname="gfootball.frame_sync.test_tcp_client_budget.TCPClientBudgetTest" name="test_twenty_two_slots_send_full_packet" time="0.013" /><testcase classname="gfootball.frame_sync.test_tcp_client_budget.AsyncTCPClientBudgetTest" name="test_actual_slow_reader_expires_one_active_write_and_releases_it" time="0.146" /><testcase classname="gfootball.frame_sync.test_tcp_client_budget.AsyncTCPClientBudgetTest" name="test_caller_cancellation_after_partial_read_sends_eof_and_cleans_tasks" time="0.007" /><testcase classname="gfootball.frame_sync.test_tcp_client_budget.AsyncTCPClientBudgetTest" name="test_caller_cancellation_cleans_up_without_an_extra_close_call" time="0.022" /><testcase classname="gfootball.frame_sync.test_tcp_client_budget.AsyncTCPClientBudgetTest" name="test_concurrent_connect_is_rejected_without_disturbing_the_first" time="0.024" /><testcase classname="gfootball.frame_sync.test_tcp_client_budget.AsyncTCPClientBudgetTest" name="test_explicit_close_cancels_the_in_progress_handshake" time="0.019" /><testcase classname="gfootball.frame_sync.test_tcp_client_budget.AsyncTCPClientBudgetTest" name="test_foreign_thread_burst_is_bounded_before_loop_dispatch" time="0.023" /><testcase classname="gfootball.frame_sync.test_tcp_client_budget.AsyncTCPClientBudgetTest" name="test_handshake_event_requires_both_complete_messages" time="0.094" /><testcase classname="gfootball.frame_sync.test_tcp_client_budget.AsyncTCPClientBudgetTest" name="test_initial_eof_and_invalid_header_fail_as_connection_errors" time="0.053" /><testcase classname="gfootball.frame_sync.test_tcp_client_budget.AsyncTCPClientBudgetTest" name="test_partial_handshake_timeout_releases_socket_and_tasks" time="0.079" /><testcase classname="gfootball.frame_sync.test_tcp_client_budget.AsyncTCPClientBudgetTest" name="test_repeated_connections_await_previous_cancellations" time="0.062" /><testcase classname="gfootball.frame_sync.test_tcp_client_budget.AsyncTCPClientBudgetTest" name="test_stream_overflow_mismatch_and_idle_are_terminal" time="0.147" /><testcase classname="gfootball.frame_sync.test_tcp_client_budget.AsyncTCPClientBudgetTest" name="test_three_explicit_hello_modes_preserve_twenty_two_slot_wire_inputs" time="0.112" /><testcase classname="gfootball.frame_sync.test_udp_budget.UDPStateTest" name="test_active_payload_stays_charged_through_close_and_refunds_finally" time="0.000" /><testcase classname="gfootball.frame_sync.test_udp_budget.UDPStateTest" name="test_capacity_and_window_reject_without_ack" time="0.000" /><testcase classname="gfootball.frame_sync.test_udp_budget.UDPStateTest" name="test_conflicting_buffered_and_delivered_duplicates_are_terminal" time="0.000" /><testcase classname="gfootball.frame_sync.test_udp_budget.UDPStateTest" name="test_gap_deadline_is_not_extended_by_duplicates_or_ack" time="0.000" /><testcase classname="gfootball.frame_sync.test_udp_budget.UDPStateTest" name="test_history_eviction_does_not_redeliver_old_packets" time="0.000" /><testcase classname="gfootball.frame_sync.test_udp_budget.UDPStateTest" name="test_limits_reject_invalid_types_bounds_and_nonfinite" time="0.007" /><testcase classname="gfootball.frame_sync.test_udp_budget.UDPStateTest" name="test_malformed_exact_length_no_ack_or_state_allocation" time="0.000" /><testcase classname="gfootball.frame_sync.test_udp_budget.UDPStateTest" name="test_out_of_order_duplicates_deliver_exactly_once" time="0.000" /><testcase classname="gfootball.frame_sync.test_udp_budget.UDPStateTest" name="test_receive_rate_limit_and_saturating_counters" time="0.000" /><testcase classname="gfootball.frame_sync.test_udp_budget.UDPStateTest" name="test_remaining_gap_preserves_original_arrival_time" time="0.000" /><testcase classname="gfootball.frame_sync.test_udp_budget.UDPStateTest" name="test_retry_exhaustion_closes_whole_stream" time="0.000" /><testcase classname="gfootball.frame_sync.test_udp_budget.UDPStateTest" name="test_rtt_bounds_karn_and_no_retransmission_before_deadline" time="0.000" /><testcase classname="gfootball.frame_sync.test_udp_budget.UDPStateTest" name="test_send_actual_byte_budget_and_max_datagram" time="0.000" /><testcase classname="gfootball.frame_sync.test_udp_budget.UDPStateTest" name="test_send_count_backpressure_ack_refund_no_sequence_consumption" time="0.000" /><testcase classname="gfootball.frame_sync.test_udp_budget.UDPStateTest" name="test_sequence_wrap_order_ack_and_pending_collision" time="0.000" /><testcase classname="gfootball.frame_sync.test_udp_budget.UDPStateTest" name="test_unsent_write_deadline_is_absolute" time="0.000" /><testcase classname="gfootball.frame_sync.test_udp_budget.UDPStateTest" name="test_untransmitted_ack_unknown_ack_and_trailing_ack_cannot_refund" time="0.000" /><testcase classname="gfootball.frame_sync.test_udp_budget.UDPStateTest" name="test_wire_known_bytes_and_cpp_constants" time="0.000" /><testcase classname="gfootball.frame_sync.test_udp_budget.UDPTransportTest" name="test_callback_failure_is_terminal_and_refunds" time="0.023" /><testcase classname="gfootball.frame_sync.test_udp_budget.UDPTransportTest" name="test_callback_reentry_and_stop_keep_active_charged" time="0.042" /><testcase classname="gfootball.frame_sync.test_udp_budget.UDPTransportTest" name="test_concurrent_receivers_serialize_in_order_callback" time="0.042" /><testcase classname="gfootball.frame_sync.test_udp_budget.UDPTransportTest" name="test_constructor_requires_borrowed_nonblocking_numeric_endpoint" time="0.040" /><testcase classname="gfootball.frame_sync.test_udp_budget.UDPTransportTest" name="test_hard_socket_send_failure_is_terminal" time="0.042" /><testcase classname="gfootball.frame_sync.test_udp_budget.UDPTransportTest" name="test_real_bidirectional_loss_duplicate_reorder_and_complete_refund" time="0.099" /><testcase classname="gfootball.frame_sync.test_udp_budget.UDPTransportTest" name="test_real_socket_send_ack_and_borrowed_socket_after_stop" time="0.025" /><testcase classname="gfootball.frame_sync.test_udp_budget.UDPTransportTest" name="test_source_filter_does_not_ack_or_deliver_foreign_data" time="0.040" /><testcase classname="gfootball.frame_sync.test_udp_budget.UDPTransportTest" name="test_thread_start_idempotence_retry_exhaustion_and_join" time="0.186" /><testcase classname="gfootball.frame_sync.test_udp_client_budget.UDPClientTest" name="test_ack_and_partial_application_bytes_do_not_extend_idle_deadline" time="0.267" /><testcase classname="gfootball.frame_sync.test_udp_client_budget.UDPClientTest" name="test_actual_input_and_22_slot_authority_bytes" time="0.037" /><testcase classname="gfootball.frame_sync.test_udp_client_budget.UDPClientTest" name="test_authority_consumer_backlog_is_terminal_and_releases_queues" time="0.019" /><testcase classname="gfootball.frame_sync.test_udp_client_budget.UDPClientTest" name="test_bad_authority_count_and_unknown_message_fail_promptly" time="0.093" /><testcase classname="gfootball.frame_sync.test_udp_client_budget.UDPClientTest" name="test_cli_rejects_missing_authority_hash_or_heartbeat" time="0.483" /><testcase classname="gfootball.frame_sync.test_udp_client_budget.UDPClientTest" name="test_cli_requires_all_three_actual_wire_observations" time="0.068" /><testcase classname="gfootball.frame_sync.test_udp_client_budget.UDPClientTest" name="test_client_queue_admission_is_bounded_before_worker_drain" time="0.023" /><testcase classname="gfootball.frame_sync.test_udp_client_budget.UDPClientTest" name="test_close_cancels_pending_handshake_and_generation" time="0.017" /><testcase classname="gfootball.frame_sync.test_udp_client_budget.UDPClientTest" name="test_close_during_input_callback_cannot_send_into_new_generation" time="0.040" /><testcase classname="gfootball.frame_sync.test_udp_client_budget.UDPClientTest" name="test_connection_churn_joins_every_owned_worker" time="0.781" /><testcase classname="gfootball.frame_sync.test_udp_client_budget.UDPClientTest" name="test_exhausted_generation_still_closes_socket_and_worker" time="0.019" /><testcase classname="gfootball.frame_sync.test_udp_client_budget.UDPClientTest" name="test_failed_handshake_joins_worker_and_releases_socket" time="0.062" /><testcase classname="gfootball.frame_sync.test_udp_client_budget.UDPClientTest" name="test_fragmented_reordered_duplicate_handshake_and_explicit_ready" time="0.087" /><testcase classname="gfootball.frame_sync.test_udp_client_budget.UDPClientTest" name="test_gap_failure_stops_stream_without_returning_future_authority" time="0.071" /><testcase classname="gfootball.frame_sync.test_udp_client_budget.UDPClientTest" name="test_hash_capacity_and_conflicting_duplicate_hash_fail" time="0.045" /><testcase classname="gfootball.frame_sync.test_udp_client_budget.UDPClientTest" name="test_hashes_match_requested_frame_and_mismatch_closes" time="0.024" /><testcase classname="gfootball.frame_sync.test_udp_client_budget.UDPClientTest" name="test_heartbeat_is_real_received_progress_independent_of_poll_frequency" time="0.322" /><testcase classname="gfootball.frame_sync.test_udp_client_budget.UDPClientTest" name="test_invalid_datagrams_and_oversized_udp_do_not_poison_stream" time="0.023" /><testcase classname="gfootball.frame_sync.test_udp_client_budget.UDPClientTest" name="test_invalid_local_inputs_are_terminal_before_sending" time="0.023" /><testcase classname="gfootball.frame_sync.test_udp_client_budget.UDPClientTest" name="test_kernel_filters_foreign_endpoint_before_reliable_decoder" time="0.026" /><testcase classname="gfootball.frame_sync.test_udp_client_budget.UDPClientTest" name="test_ordered_authority_after_lost_first_datagram_and_duplicates" time="0.089" /><testcase classname="gfootball.frame_sync.test_udp_client_budget.UDPClientTest" name="test_public_classes_are_actual_bounded_runtime" time="0.000" /><testcase classname="gfootball.frame_sync.test_udp_client_budget.UDPClientTest" name="test_ready_timeout_is_automatic_without_ui_ticks" time="0.055" /><testcase classname="gfootball.frame_sync.test_udp_client_budget.UDPClientTest" name="test_real_udp_logic_rollback_and_three_confirmed_hashes" time="0.110" /><testcase classname="gfootball.frame_sync.test_udp_client_budget.UDPClientTest" name="test_retry_exhaustion_and_queued_write_deadline" time="0.143" /><testcase classname="gfootball.frame_sync.test_udp_client_budget.UDPClientTest" name="test_unbounded_input_generator_stops_after_23_entries" time="0.023" /><testcase classname="gfootball.frame_sync.test_udp_delivery_schedule" name="test_delivery_ack_window_and_rtt_contract" time="0.001" /><testcase classname="gfootball.frame_sync.test_udp_resume_budget.CookieTest" name="test_ambiguous_half_space_sequence_is_rejected" time="0.000" /><testcase classname="gfootball.frame_sync.test_udp_resume_budget.CookieTest" name="test_constant_rate_budget_and_strict_limits" time="0.000" /><testcase classname="gfootball.frame_sync.test_udp_resume_budget.CookieTest" name="test_cookie_address_epoch_and_time_binding" time="0.000" /><testcase classname="gfootball.frame_sync.test_udp_resume_budget.CookieTest" name="test_delivery_ack_retains_sender_backpressure_across_a_gap" time="0.000" /><testcase classname="gfootball.frame_sync.test_udp_resume_budget.CookieTest" name="test_wire_contract_and_epoch_isolation" time="0.000" /><testcase classname="gfootball.frame_sync.test_udp_resume_budget.UDPResumeTest" name="test_1000_ticks_do_not_block_during_attempt_and_give_up_is_terminal" time="0.089" /><testcase classname="gfootball.frame_sync.test_udp_resume_budget.UDPResumeTest" name="test_automatic_restore_deferred_authority_hashes_and_repeated_cleanup" time="0.258" /><testcase classname="gfootball.frame_sync.test_udp_resume_budget.UDPResumeTest" name="test_client_only_loss_recovers_after_server_idle_detection" time="0.471" /><testcase classname="gfootball.frame_sync.test_udp_resume_budget.UDPResumeTest" name="test_close_during_cookie_wait_stops_the_single_connection_owner" time="0.013" /><testcase classname="gfootball.frame_sync.test_udp_resume_budget.UDPResumeTest" name="test_confirm_replay_and_old_epoch_never_reset_live_sequence" time="0.044" /><testcase classname="gfootball.frame_sync.test_udp_resume_budget.UDPResumeTest" name="test_expired_deadline_sends_nothing_and_joins" time="0.003" /><testcase classname="gfootball.frame_sync.test_udp_resume_budget.UDPResumeTest" name="test_live_epoch_survives_cookie_expiry_and_refreshed_confirm_cannot_reopen" time="0.268" /><testcase classname="gfootball.frame_sync.test_udp_resume_budget.UDPResumeTest" name="test_maximum_snapshot_real_loss_reordering_duplicates_and_ready" time="0.906" /><testcase classname="gfootball.frame_sync.test_udp_resume_budget.UDPResumeTest" name="test_restore_error_never_sends_ready_or_success" time="0.092" /><testcase classname="gfootball.frame_sync.test_udp_resume_budget.UDPResumeTest" name="test_tombstone_capacity_refuses_instead_of_evicting" time="0.034" /><testcase classname="gfootball.frame_sync.test_udp_resume_budget.UDPResumeTest" name="test_unacknowledged_large_snapshot_keeps_active_queue_charge_until_expiry" time="0.181" /><testcase classname="gfootball.frame_sync.test_udp_resume_budget.UDPResumeTest" name="test_unacknowledged_session_is_bounded_and_expires" time="0.145" /><testcase classname="gfootball.frame_sync.test_udp_resume_budget.UDPResumeTest" name="test_unverified_requests_allocate_no_peers_and_no_amplification" time="0.114" /><testcase classname="gfootball.frame_sync.test_udp_resume_native.UDPResumeNativeTest" name="test_gameenv_automatic_token_snapshot_handback_and_thirteen_frames" time="5.621" /><testcase classname="gfootball.frame_sync.tutorial_test.TestTutorialSystem" name="test_complete_step" time="0.000" /><testcase classname="gfootball.frame_sync.tutorial_test.TestTutorialSystem" name="test_completion_rate" time="0.000" /><testcase classname="gfootball.frame_sync.tutorial_test.TestTutorialSystem" name="test_full_completion" time="0.000" /><testcase classname="gfootball.frame_sync.tutorial_test.TestTutorialSystem" name="test_progress_tracking" time="0.000" /><testcase classname="gfootball.frame_sync.tutorial_test.TestTutorialSystem" name="test_start_tutorial" time="0.000" /><testcase classname="gfootball.frame_sync.tutorial_test.TestTrainingMode" name="test_get_config" time="0.000" /><testcase classname="gfootball.frame_sync.tutorial_test.TestTrainingMode" name="test_record_result" time="0.000" /><testcase classname="gfootball.frame_sync.tutorial_test.TestChallengeManager" name="test_attempt_challenge" time="0.000" /><testcase classname="gfootball.frame_sync.tutorial_test.TestChallengeManager" name="test_failed_challenge" time="0.000" /><testcase classname="gfootball.frame_sync.tutorial_test.TestChallengeManager" name="test_get_challenge" time="0.000" /><testcase classname="gfootball.frame_sync.tutorial_test.TestChallengeManager" name="test_leaderboard" time="0.000" /><testcase classname="gfootball.frame_sync.tutorial_test.TestChallengeManager" name="test_list_challenges" time="0.000" /><testcase classname="gfootball.frame_sync.tutorial_test.TestChallengeManager" name="test_player_best" time="0.000" /></testsuite></testsuites>